{"timestamp":"2026-03-14T12:22:47.505732Z","level":"info","event":"DAG bundles loaded: dags-folder","logger":"airflow.dag_processing.bundles.manager.DagBundlesManager","filename":"manager.py","lineno":179}
{"timestamp":"2026-03-14T12:22:47.507749Z","level":"info","event":"Filling up the DagBag from /opt/airflow/dags/airflow_pipeline.py","logger":"airflow.models.dagbag.BundleDagBag","filename":"dagbag.py","lineno":593}
{"timestamp":"2026-03-14T12:22:47.521662Z","level":"info","event":"Stats instance was created in PID 7 but accessed in PID 719. Re-initializing.","logger":"airflow.stats","filename":"stats.py","lineno":57}
{"timestamp":"2026-03-14T12:22:53.309705Z","level":"error","event":"/home/airflow/.local/lib/python3.12/site-packages/requests/__init__.py:113: RequestsDependencyWarning: urllib3 (2.6.3) or chardet (6.0.0.post1)/charset_normalizer (3.4.5) doesn't match a supported version!","logger":"task.stderr"}
{"timestamp":"2026-03-14T12:22:53.312347Z","level":"error","event":"  warnings.warn(","logger":"task.stderr"}
{"timestamp":"2026-03-14T12:22:55.942181Z","level":"info","event":"                      ❗❗❗ AUTHORIZATION REQUIRED ❗❗❗","logger":"task.stdout"}
{"timestamp":"2026-03-14T12:24:57.011227Z","level":"info","event":"","logger":"task.stdout"}
{"timestamp":"2026-03-14T12:24:57.011553Z","level":"info","event":"","logger":"task.stdout"}
{"timestamp":"2026-03-14T12:24:57.011960Z","level":"info","event":"Open the following link in your browser to authorize the client:","logger":"task.stdout"}
{"timestamp":"2026-03-14T12:24:57.012344Z","level":"info","event":"https://dagshub.com/login/oauth/authorize?state=6166d4dc-ad0a-40fc-af1f-0f7cbb1af244&client_id=32b60ba385aa7cecf24046d8195a71c07dd345d9657977863b52e7748e0f0f28&middleman_request_id=11207c537be115e3248da3c7eba91d0bbf729275ffdb4c102f5195b2ef76cbdc","logger":"task.stdout"}
{"timestamp":"2026-03-14T12:24:57.012594Z","level":"info","event":"","logger":"task.stdout"}
{"timestamp":"2026-03-14T12:24:57.012776Z","level":"info","event":"","logger":"task.stdout"}
{"timestamp":"2026-03-14T12:24:57.012929Z","level":"info","event":"2026-03-14 12:24:57,010 [INFO] HTTP Request: POST https://dagshub.com/login/oauth/middleman \"HTTP/1.1 504 Gateway Time-out\"","logger":"task.stdout"}
{"timestamp":"2026-03-14T12:24:57.013165Z","level":"info","event":"2026-03-14 12:24:57,012 [ERROR] Error initializing DAGsHub: Expecting value: line 1 column 1 (char 0) ===> ❌","logger":"task.stdout"}
{"timestamp":"2026-03-14T12:24:58.180159Z","level":"info","event":"2026-03-14 12:24:58,178 [INFO] Models directory build successfully! ===> ℹ️","logger":"task.stdout"}
{"timestamp":"2026-03-14T12:24:58.180857Z","level":"info","event":"2026-03-14 12:24:58,178 [INFO] Training Features: 40 ===> ℹ️","logger":"task.stdout"}
{"timestamp":"2026-03-14T12:24:58.181177Z","level":"info","event":"2026-03-14 12:24:58,178 [INFO] 🚀 ===> Training Stage: Started Processing","logger":"task.stdout"}
{"timestamp":"2026-03-14T12:24:58.591142Z","level":"error","event":"Traceback (most recent call last):","logger":"task.stderr"}
{"timestamp":"2026-03-14T12:24:58.593169Z","level":"error","event":"  File \"/opt/airflow/src/train.py\", line 229, in <module>","logger":"task.stderr"}
{"timestamp":"2026-03-14T12:24:58.596083Z","level":"error","event":"    trainer.run_training()","logger":"task.stderr"}
{"timestamp":"2026-03-14T12:24:58.597299Z","level":"error","event":"  File \"/opt/airflow/src/train.py\", line 168, in run_training","logger":"task.stderr"}
{"timestamp":"2026-03-14T12:24:58.597868Z","level":"error","event":"    self._setup_model_train()","logger":"task.stderr"}
{"timestamp":"2026-03-14T12:24:58.598725Z","level":"error","event":"  File \"/opt/airflow/src/train.py\", line 60, in _setup_model_train","logger":"task.stderr"}
{"timestamp":"2026-03-14T12:24:58.599510Z","level":"error","event":"    with mlflow.start_run():","logger":"task.stderr"}
{"timestamp":"2026-03-14T12:24:58.600442Z","level":"error","event":"         ^^^^^^^^^^^^^^^^^^","logger":"task.stderr"}
{"timestamp":"2026-03-14T12:24:58.603156Z","level":"error","event":"  File \"/home/airflow/.local/lib/python3.12/site-packages/mlflow/tracking/fluent.py\", line 544, in start_run","logger":"task.stderr"}
{"timestamp":"2026-03-14T12:24:58.607805Z","level":"error","event":"    active_run_obj = client.create_run(","logger":"task.stderr"}
{"timestamp":"2026-03-14T12:24:58.608336Z","level":"error","event":"                     ^^^^^^^^^^^^^^^^^^","logger":"task.stderr"}
{"timestamp":"2026-03-14T12:24:58.609133Z","level":"error","event":"  File \"/home/airflow/.local/lib/python3.12/site-packages/mlflow/tracking/client.py\", line 604, in create_run","logger":"task.stderr"}
{"timestamp":"2026-03-14T12:24:58.611320Z","level":"error","event":"    return self._tracking_client.create_run(experiment_id, start_time, tags, run_name)","logger":"task.stderr"}
{"timestamp":"2026-03-14T12:24:58.612483Z","level":"error","event":"           ^^^^^^^^^^^^^^^^^^^^^^^^^^^^^^^^^^^^^^^^^^^^^^^^^^^^^^^^^^^^^^^^^^^^^^^^^^^","logger":"task.stderr"}
{"timestamp":"2026-03-14T12:24:58.614417Z","level":"error","event":"  File \"/home/airflow/.local/lib/python3.12/site-packages/mlflow/telemetry/track.py\", line 30, in wrapper","logger":"task.stderr"}
{"timestamp":"2026-03-14T12:24:58.616453Z","level":"error","event":"    result = func(*args, **kwargs)","logger":"task.stderr"}
{"timestamp":"2026-03-14T12:24:58.617341Z","level":"error","event":"             ^^^^^^^^^^^^^^^^^^^^^","logger":"task.stderr"}
{"timestamp":"2026-03-14T12:24:58.621563Z","level":"error","event":"  File \"/home/airflow/.local/lib/python3.12/site-packages/mlflow/tracking/_tracking_service/client.py\", line 186, in create_run","logger":"task.stderr"}
{"timestamp":"2026-03-14T12:24:58.624914Z","level":"error","event":"    return self.store.create_run(","logger":"task.stderr"}
{"timestamp":"2026-03-14T12:24:58.627122Z","level":"error","event":"           ^^^^^^^^^^^^^^^^^^^^^^","logger":"task.stderr"}
{"timestamp":"2026-03-14T12:24:58.627920Z","level":"error","event":"  File \"/home/airflow/.local/lib/python3.12/site-packages/mlflow/store/tracking/rest_store.py\", line 370, in create_run","logger":"task.stderr"}
{"timestamp":"2026-03-14T12:24:58.631212Z","level":"error","event":"    response_proto = self._call_endpoint(CreateRun, req_body)","logger":"task.stderr"}
{"timestamp":"2026-03-14T12:24:58.636215Z","level":"error","event":"                     ^^^^^^^^^^^^^^^^^^^^^^^^^^^^^^^^^^^^^^^^","logger":"task.stderr"}
{"timestamp":"2026-03-14T12:24:58.636889Z","level":"error","event":"  File \"/home/airflow/.local/lib/python3.12/site-packages/mlflow/store/tracking/rest_store.py\", line 233, in _call_endpoint","logger":"task.stderr"}
{"timestamp":"2026-03-14T12:24:58.640335Z","level":"error","event":"    return call_endpoint(","logger":"task.stderr"}
{"timestamp":"2026-03-14T12:24:58.642392Z","level":"error","event":"           ^^^^^^^^^^^^^^","logger":"task.stderr"}
{"timestamp":"2026-03-14T12:24:58.643650Z","level":"error","event":"  File \"/home/airflow/.local/lib/python3.12/site-packages/mlflow/utils/rest_utils.py\", line 627, in call_endpoint","logger":"task.stderr"}
{"timestamp":"2026-03-14T12:24:58.645693Z","level":"error","event":"    response = verify_rest_response(","logger":"task.stderr"}
{"timestamp":"2026-03-14T12:24:58.646607Z","level":"error","event":"               ^^^^^^^^^^^^^^^^^^^^^","logger":"task.stderr"}
{"timestamp":"2026-03-14T12:24:58.647373Z","level":"error","event":"  File \"/home/airflow/.local/lib/python3.12/site-packages/mlflow/utils/rest_utils.py\", line 348, in verify_rest_response","logger":"task.stderr"}
{"timestamp":"2026-03-14T12:24:58.649654Z","level":"error","event":"    raise MlflowException(","logger":"task.stderr"}
{"timestamp":"2026-03-14T12:24:58.650152Z","level":"error","event":"mlflow.exceptions.MlflowException: API request to endpoint /api/2.0/mlflow/runs/create failed with error code 403 != 200. Response body: ''","logger":"task.stderr"}
{"timestamp":"2026-03-14T12:24:59.317252Z","level":"error","event":"Task failed with exception","logger":"task","filename":"task_runner.py","lineno":1186,"error_detail":[{"exc_type":"CalledProcessError","exc_value":"Command '['python', '/opt/airflow/src/train.py', '--model_name', 'Logistic_Regression']' returned non-zero exit status 1.","exc_notes":[],"syntax_error":null,"is_cause":false,"frames":[{"filename":"/home/airflow/.local/lib/python3.12/site-packages/airflow/sdk/execution_time/task_runner.py","lineno":1112,"name":"run"},{"filename":"/home/airflow/.local/lib/python3.12/site-packages/airflow/sdk/execution_time/task_runner.py","lineno":1528,"name":"_execute_task"},{"filename":"/home/airflow/.local/lib/python3.12/site-packages/airflow/sdk/bases/operator.py","lineno":417,"name":"wrapper"},{"filename":"/home/airflow/.local/lib/python3.12/site-packages/airflow/providers/standard/operators/python.py","lineno":228,"name":"execute"},{"filename":"/home/airflow/.local/lib/python3.12/site-packages/airflow/providers/standard/operators/python.py","lineno":251,"name":"execute_callable"},{"filename":"/home/airflow/.local/lib/python3.12/site-packages/airflow/sdk/execution_time/callback_runner.py","lineno":82,"name":"run"},{"filename":"/opt/airflow/dags/airflow_pipeline.py","lineno":79,"name":"run_training"},{"filename":"/usr/python/lib/python3.12/subprocess.py","lineno":571,"name":"run"}],"is_group":false,"exceptions":[]}]}
