{"timestamp":"2026-03-14T11:49:43.383577Z","level":"info","event":"DAG bundles loaded: dags-folder","logger":"airflow.dag_processing.bundles.manager.DagBundlesManager","filename":"manager.py","lineno":179}
{"timestamp":"2026-03-14T11:49:43.388352Z","level":"info","event":"Filling up the DagBag from /opt/airflow/dags/airflow_pipeline.py","logger":"airflow.models.dagbag.BundleDagBag","filename":"dagbag.py","lineno":593}
{"timestamp":"2026-03-14T11:49:43.405626Z","level":"info","event":"Stats instance was created in PID 7 but accessed in PID 269. Re-initializing.","logger":"airflow.stats","filename":"stats.py","lineno":57}
{"timestamp":"2026-03-14T11:49:47.707868Z","level":"error","event":"/home/airflow/.local/lib/python3.12/site-packages/requests/__init__.py:113: RequestsDependencyWarning: urllib3 (2.6.3) or chardet (6.0.0.post1)/charset_normalizer (3.4.5) doesn't match a supported version!","logger":"task.stderr"}
{"timestamp":"2026-03-14T11:49:47.708386Z","level":"error","event":"  warnings.warn(","logger":"task.stderr"}
{"timestamp":"2026-03-14T11:49:50.131429Z","level":"info","event":"                      ❗❗❗ AUTHORIZATION REQUIRED ❗❗❗","logger":"task.stdout"}
{"timestamp":"2026-03-14T11:51:50.847965Z","level":"info","event":"","logger":"task.stdout"}
{"timestamp":"2026-03-14T11:51:50.848490Z","level":"info","event":"","logger":"task.stdout"}
{"timestamp":"2026-03-14T11:51:50.849062Z","level":"info","event":"Open the following link in your browser to authorize the client:","logger":"task.stdout"}
{"timestamp":"2026-03-14T11:51:50.849567Z","level":"info","event":"https://dagshub.com/login/oauth/authorize?state=54ae1afc-1275-48ac-9b45-e6edeb3891f9&client_id=32b60ba385aa7cecf24046d8195a71c07dd345d9657977863b52e7748e0f0f28&middleman_request_id=1b384a1067750a3915bbc7e7350c326a560172f61d4c5cba3d72039771e3736e","logger":"task.stdout"}
{"timestamp":"2026-03-14T11:51:50.852623Z","level":"info","event":"","logger":"task.stdout"}
{"timestamp":"2026-03-14T11:51:50.854167Z","level":"info","event":"","logger":"task.stdout"}
{"timestamp":"2026-03-14T11:51:50.854576Z","level":"info","event":"2026-03-14 11:51:50,847 [INFO] HTTP Request: POST https://dagshub.com/login/oauth/middleman \"HTTP/1.1 504 Gateway Time-out\"","logger":"task.stdout"}
{"timestamp":"2026-03-14T11:51:50.855032Z","level":"info","event":"2026-03-14 11:51:50,849 [ERROR] Error initializing DAGsHub: Expecting value: line 1 column 1 (char 0) ===> ❌","logger":"task.stdout"}
{"timestamp":"2026-03-14T11:51:51.915344Z","level":"info","event":"2026-03-14 11:51:51,915 [INFO] Models directory build successfully! ===> ℹ️","logger":"task.stdout"}
{"timestamp":"2026-03-14T11:51:51.915733Z","level":"info","event":"2026-03-14 11:51:51,915 [INFO] Training Features: 40 ===> ℹ️","logger":"task.stdout"}
{"timestamp":"2026-03-14T11:51:51.932271Z","level":"info","event":"2026-03-14 11:51:51,915 [INFO] 🚀 ===> Training Stage: Started Processing","logger":"task.stdout"}
{"timestamp":"2026-03-14T11:51:52.309389Z","level":"error","event":"Traceback (most recent call last):","logger":"task.stderr"}
{"timestamp":"2026-03-14T11:51:52.310760Z","level":"error","event":"  File \"/opt/airflow/src/train.py\", line 229, in <module>","logger":"task.stderr"}
{"timestamp":"2026-03-14T11:51:52.311910Z","level":"error","event":"    trainer.run_training()","logger":"task.stderr"}
{"timestamp":"2026-03-14T11:51:52.312540Z","level":"error","event":"  File \"/opt/airflow/src/train.py\", line 168, in run_training","logger":"task.stderr"}
{"timestamp":"2026-03-14T11:51:52.313127Z","level":"error","event":"    self._setup_model_train()","logger":"task.stderr"}
{"timestamp":"2026-03-14T11:51:52.313863Z","level":"error","event":"  File \"/opt/airflow/src/train.py\", line 60, in _setup_model_train","logger":"task.stderr"}
{"timestamp":"2026-03-14T11:51:52.314797Z","level":"error","event":"    with mlflow.start_run():","logger":"task.stderr"}
{"timestamp":"2026-03-14T11:51:52.315231Z","level":"error","event":"         ^^^^^^^^^^^^^^^^^^","logger":"task.stderr"}
{"timestamp":"2026-03-14T11:51:52.315706Z","level":"error","event":"  File \"/home/airflow/.local/lib/python3.12/site-packages/mlflow/tracking/fluent.py\", line 544, in start_run","logger":"task.stderr"}
{"timestamp":"2026-03-14T11:51:52.316418Z","level":"error","event":"    active_run_obj = client.create_run(","logger":"task.stderr"}
{"timestamp":"2026-03-14T11:51:52.316919Z","level":"error","event":"                     ^^^^^^^^^^^^^^^^^^","logger":"task.stderr"}
{"timestamp":"2026-03-14T11:51:52.317180Z","level":"error","event":"  File \"/home/airflow/.local/lib/python3.12/site-packages/mlflow/tracking/client.py\", line 604, in create_run","logger":"task.stderr"}
{"timestamp":"2026-03-14T11:51:52.317347Z","level":"error","event":"    return self._tracking_client.create_run(experiment_id, start_time, tags, run_name)","logger":"task.stderr"}
{"timestamp":"2026-03-14T11:51:52.318205Z","level":"error","event":"           ^^^^^^^^^^^^^^^^^^^^^^^^^^^^^^^^^^^^^^^^^^^^^^^^^^^^^^^^^^^^^^^^^^^^^^^^^^^","logger":"task.stderr"}
{"timestamp":"2026-03-14T11:51:52.318539Z","level":"error","event":"  File \"/home/airflow/.local/lib/python3.12/site-packages/mlflow/telemetry/track.py\", line 30, in wrapper","logger":"task.stderr"}
{"timestamp":"2026-03-14T11:51:52.318769Z","level":"error","event":"    result = func(*args, **kwargs)","logger":"task.stderr"}
{"timestamp":"2026-03-14T11:51:52.319524Z","level":"error","event":"             ^^^^^^^^^^^^^^^^^^^^^","logger":"task.stderr"}
{"timestamp":"2026-03-14T11:51:52.321784Z","level":"error","event":"  File \"/home/airflow/.local/lib/python3.12/site-packages/mlflow/tracking/_tracking_service/client.py\", line 186, in create_run","logger":"task.stderr"}
{"timestamp":"2026-03-14T11:51:52.322183Z","level":"error","event":"    return self.store.create_run(","logger":"task.stderr"}
{"timestamp":"2026-03-14T11:51:52.322533Z","level":"error","event":"           ^^^^^^^^^^^^^^^^^^^^^^","logger":"task.stderr"}
{"timestamp":"2026-03-14T11:51:52.324026Z","level":"error","event":"  File \"/home/airflow/.local/lib/python3.12/site-packages/mlflow/store/tracking/rest_store.py\", line 370, in create_run","logger":"task.stderr"}
{"timestamp":"2026-03-14T11:51:52.325063Z","level":"error","event":"    response_proto = self._call_endpoint(CreateRun, req_body)","logger":"task.stderr"}
{"timestamp":"2026-03-14T11:51:52.326694Z","level":"error","event":"                     ^^^^^^^^^^^^^^^^^^^^^^^^^^^^^^^^^^^^^^^^","logger":"task.stderr"}
{"timestamp":"2026-03-14T11:51:52.329772Z","level":"error","event":"  File \"/home/airflow/.local/lib/python3.12/site-packages/mlflow/store/tracking/rest_store.py\", line 233, in _call_endpoint","logger":"task.stderr"}
{"timestamp":"2026-03-14T11:51:52.330787Z","level":"error","event":"    return call_endpoint(","logger":"task.stderr"}
{"timestamp":"2026-03-14T11:51:52.332152Z","level":"error","event":"           ^^^^^^^^^^^^^^","logger":"task.stderr"}
{"timestamp":"2026-03-14T11:51:52.333385Z","level":"error","event":"  File \"/home/airflow/.local/lib/python3.12/site-packages/mlflow/utils/rest_utils.py\", line 627, in call_endpoint","logger":"task.stderr"}
{"timestamp":"2026-03-14T11:51:52.334632Z","level":"error","event":"    response = verify_rest_response(","logger":"task.stderr"}
{"timestamp":"2026-03-14T11:51:52.335862Z","level":"error","event":"               ^^^^^^^^^^^^^^^^^^^^^","logger":"task.stderr"}
{"timestamp":"2026-03-14T11:51:52.336757Z","level":"error","event":"  File \"/home/airflow/.local/lib/python3.12/site-packages/mlflow/utils/rest_utils.py\", line 348, in verify_rest_response","logger":"task.stderr"}
{"timestamp":"2026-03-14T11:51:52.337064Z","level":"error","event":"    raise MlflowException(","logger":"task.stderr"}
{"timestamp":"2026-03-14T11:51:52.337366Z","level":"error","event":"mlflow.exceptions.MlflowException: API request to endpoint /api/2.0/mlflow/runs/create failed with error code 403 != 200. Response body: ''","logger":"task.stderr"}
{"timestamp":"2026-03-14T11:51:53.090011Z","level":"error","event":"Task failed with exception","logger":"task","filename":"task_runner.py","lineno":1186,"error_detail":[{"exc_type":"CalledProcessError","exc_value":"Command '['python', '/opt/airflow/src/train.py', '--model_name', 'Logistic_Regression']' returned non-zero exit status 1.","exc_notes":[],"syntax_error":null,"is_cause":false,"frames":[{"filename":"/home/airflow/.local/lib/python3.12/site-packages/airflow/sdk/execution_time/task_runner.py","lineno":1112,"name":"run"},{"filename":"/home/airflow/.local/lib/python3.12/site-packages/airflow/sdk/execution_time/task_runner.py","lineno":1528,"name":"_execute_task"},{"filename":"/home/airflow/.local/lib/python3.12/site-packages/airflow/sdk/bases/operator.py","lineno":417,"name":"wrapper"},{"filename":"/home/airflow/.local/lib/python3.12/site-packages/airflow/providers/standard/operators/python.py","lineno":228,"name":"execute"},{"filename":"/home/airflow/.local/lib/python3.12/site-packages/airflow/providers/standard/operators/python.py","lineno":251,"name":"execute_callable"},{"filename":"/home/airflow/.local/lib/python3.12/site-packages/airflow/sdk/execution_time/callback_runner.py","lineno":82,"name":"run"},{"filename":"/opt/airflow/dags/airflow_pipeline.py","lineno":79,"name":"run_training"},{"filename":"/usr/python/lib/python3.12/subprocess.py","lineno":571,"name":"run"}],"is_group":false,"exceptions":[]}]}
