2026-03-15 13:49:10,783 [INFO] 🚀 ===> Data_Ingestion Stage: Start Processing
2026-03-15 13:49:10,808 [INFO] DataFrame: 7,043 rows | 21 columns ===> ℹ️
2026-03-15 13:49:10,808 [INFO] ✅ ===> Data_Ingestion Stage: Completed Processing
2026-03-15 13:49:10,808 [INFO] 🚀 ===> Data_Ingestion Stage: Start Validating
2026-03-15 13:49:10,815 [INFO] No missing values Detected! ===> ✅
2026-03-15 13:49:10,818 [INFO] Target Distribution: 26.500% Churn | 73.500% No Churn ===> ℹ️
2026-03-15 13:49:10,819 [INFO] ✅ ===> Data_Ingestion Stage: Completed Validating
2026-03-15 13:49:10,832 [INFO] 🚀 ===> Preprocessor Stage: Started Processing 
2026-03-15 13:49:10,832 [WARNING] ⚠️ ===> Processed file already exists.
2026-03-15 13:49:10,832 [INFO] ℹ️ ===> Build processed file.
2026-03-15 13:49:10,845 [INFO] Train: 5,634  |  Test: 1,409
2026-03-15 13:49:11,042 [INFO]  Saved Preprocessor ===> ℹ️
2026-03-15 13:49:11,042 [INFO]  Saved Train Data ===> ℹ️
2026-03-15 13:49:11,042 [INFO]  Saved Test Data ===> ℹ️
2026-03-15 13:49:11,042 [INFO] ✅ ===> Preprocessing Stage: Completed Processing
2026-03-15 16:05:29,362 [INFO] 🚀 ===> Data_Ingestion Stage: Start Processing
2026-03-15 16:05:29,399 [INFO] DataFrame: 7,043 rows | 21 columns ===> ℹ️
2026-03-15 16:05:29,399 [INFO] ✅ ===> Data_Ingestion Stage: Completed Processing
2026-03-15 16:05:29,399 [INFO] 🚀 ===> Data_Ingestion Stage: Start Validating
2026-03-15 16:05:29,406 [INFO] No missing values Detected! ===> ✅
2026-03-15 16:05:29,408 [INFO] Target Distribution: 26.500% Churn | 73.500% No Churn ===> ℹ️
2026-03-15 16:05:29,408 [INFO] ✅ ===> Data_Ingestion Stage: Completed Validating
2026-03-15 16:05:29,422 [INFO] 🚀 ===> Preprocessor Stage: Started Processing 
2026-03-15 16:05:29,422 [WARNING] ⚠️ ===> Processed file already exists.
2026-03-15 16:05:29,422 [INFO] ℹ️ ===> Build processed file.
2026-03-15 16:05:29,432 [INFO] Train: 5,634  |  Test: 1,409
2026-03-15 16:05:29,629 [INFO]  Saved Preprocessor ===> ℹ️
2026-03-15 16:05:29,629 [INFO]  Saved Train Data ===> ℹ️
2026-03-15 16:05:29,629 [INFO]  Saved Test Data ===> ℹ️
2026-03-15 16:05:29,629 [INFO] ✅ ===> Preprocessing Stage: Completed Processing
