{"timestamp":"2026-03-14T12:22:47.535844Z","level":"info","event":"DAG bundles loaded: dags-folder","logger":"airflow.dag_processing.bundles.manager.DagBundlesManager","filename":"manager.py","lineno":179}
{"timestamp":"2026-03-14T12:22:47.537395Z","level":"info","event":"Filling up the DagBag from /opt/airflow/dags/airflow_pipeline.py","logger":"airflow.models.dagbag.BundleDagBag","filename":"dagbag.py","lineno":593}
{"timestamp":"2026-03-14T12:22:47.560528Z","level":"info","event":"Stats instance was created in PID 7 but accessed in PID 721. Re-initializing.","logger":"airflow.stats","filename":"stats.py","lineno":57}
{"timestamp":"2026-03-14T12:22:53.107591Z","level":"error","event":"/home/airflow/.local/lib/python3.12/site-packages/requests/__init__.py:113: RequestsDependencyWarning: urllib3 (2.6.3) or chardet (6.0.0.post1)/charset_normalizer (3.4.5) doesn't match a supported version!","logger":"task.stderr"}
{"timestamp":"2026-03-14T12:22:53.109647Z","level":"error","event":"  warnings.warn(","logger":"task.stderr"}
{"timestamp":"2026-03-14T12:22:55.751677Z","level":"info","event":"                      ❗❗❗ AUTHORIZATION REQUIRED ❗❗❗","logger":"task.stdout"}
{"timestamp":"2026-03-14T12:24:56.790489Z","level":"info","event":"","logger":"task.stdout"}
{"timestamp":"2026-03-14T12:24:56.790821Z","level":"info","event":"","logger":"task.stdout"}
{"timestamp":"2026-03-14T12:24:56.791230Z","level":"info","event":"Open the following link in your browser to authorize the client:","logger":"task.stdout"}
{"timestamp":"2026-03-14T12:24:56.791639Z","level":"info","event":"https://dagshub.com/login/oauth/authorize?state=c9249970-8b0c-4adf-a277-d962e375829a&client_id=32b60ba385aa7cecf24046d8195a71c07dd345d9657977863b52e7748e0f0f28&middleman_request_id=f072293e35931b762dbe5eb786b19a8a7657fea450cec0beb07fc81fce5cef4e","logger":"task.stdout"}
{"timestamp":"2026-03-14T12:24:56.792165Z","level":"info","event":"","logger":"task.stdout"}
{"timestamp":"2026-03-14T12:24:56.792752Z","level":"info","event":"","logger":"task.stdout"}
{"timestamp":"2026-03-14T12:24:56.793023Z","level":"info","event":"2026-03-14 12:24:56,790 [INFO] HTTP Request: POST https://dagshub.com/login/oauth/middleman \"HTTP/1.1 504 Gateway Time-out\"","logger":"task.stdout"}
{"timestamp":"2026-03-14T12:24:56.793468Z","level":"info","event":"2026-03-14 12:24:56,792 [ERROR] Error initializing DAGsHub: Expecting value: line 1 column 1 (char 0) ===> ❌","logger":"task.stdout"}
{"timestamp":"2026-03-14T12:24:57.878869Z","level":"info","event":"2026-03-14 12:24:57,877 [INFO] Models directory build successfully! ===> ℹ️","logger":"task.stdout"}
{"timestamp":"2026-03-14T12:24:57.879825Z","level":"info","event":"2026-03-14 12:24:57,877 [INFO] Training Features: 40 ===> ℹ️","logger":"task.stdout"}
{"timestamp":"2026-03-14T12:24:57.880426Z","level":"info","event":"2026-03-14 12:24:57,877 [INFO] 🚀 ===> Training Stage: Started Processing","logger":"task.stdout"}
{"timestamp":"2026-03-14T12:24:58.267489Z","level":"error","event":"Traceback (most recent call last):","logger":"task.stderr"}
{"timestamp":"2026-03-14T12:24:58.267974Z","level":"error","event":"  File \"/opt/airflow/src/train.py\", line 229, in <module>","logger":"task.stderr"}
{"timestamp":"2026-03-14T12:24:58.269483Z","level":"error","event":"    trainer.run_training()","logger":"task.stderr"}
{"timestamp":"2026-03-14T12:24:58.270782Z","level":"error","event":"  File \"/opt/airflow/src/train.py\", line 168, in run_training","logger":"task.stderr"}
{"timestamp":"2026-03-14T12:24:58.271958Z","level":"error","event":"    self._setup_model_train()","logger":"task.stderr"}
{"timestamp":"2026-03-14T12:24:58.272229Z","level":"error","event":"  File \"/opt/airflow/src/train.py\", line 60, in _setup_model_train","logger":"task.stderr"}
{"timestamp":"2026-03-14T12:24:58.272526Z","level":"error","event":"    with mlflow.start_run():","logger":"task.stderr"}
{"timestamp":"2026-03-14T12:24:58.273389Z","level":"error","event":"         ^^^^^^^^^^^^^^^^^^","logger":"task.stderr"}
{"timestamp":"2026-03-14T12:24:58.274259Z","level":"error","event":"  File \"/home/airflow/.local/lib/python3.12/site-packages/mlflow/tracking/fluent.py\", line 544, in start_run","logger":"task.stderr"}
{"timestamp":"2026-03-14T12:24:58.275137Z","level":"error","event":"    active_run_obj = client.create_run(","logger":"task.stderr"}
{"timestamp":"2026-03-14T12:24:58.276147Z","level":"error","event":"                     ^^^^^^^^^^^^^^^^^^","logger":"task.stderr"}
{"timestamp":"2026-03-14T12:24:58.277150Z","level":"error","event":"  File \"/home/airflow/.local/lib/python3.12/site-packages/mlflow/tracking/client.py\", line 604, in create_run","logger":"task.stderr"}
{"timestamp":"2026-03-14T12:24:58.277630Z","level":"error","event":"    return self._tracking_client.create_run(experiment_id, start_time, tags, run_name)","logger":"task.stderr"}
{"timestamp":"2026-03-14T12:24:58.278816Z","level":"error","event":"           ^^^^^^^^^^^^^^^^^^^^^^^^^^^^^^^^^^^^^^^^^^^^^^^^^^^^^^^^^^^^^^^^^^^^^^^^^^^","logger":"task.stderr"}
{"timestamp":"2026-03-14T12:24:58.280916Z","level":"error","event":"  File \"/home/airflow/.local/lib/python3.12/site-packages/mlflow/telemetry/track.py\", line 30, in wrapper","logger":"task.stderr"}
{"timestamp":"2026-03-14T12:24:58.283010Z","level":"error","event":"    result = func(*args, **kwargs)","logger":"task.stderr"}
{"timestamp":"2026-03-14T12:24:58.283937Z","level":"error","event":"             ^^^^^^^^^^^^^^^^^^^^^","logger":"task.stderr"}
{"timestamp":"2026-03-14T12:24:58.285225Z","level":"error","event":"  File \"/home/airflow/.local/lib/python3.12/site-packages/mlflow/tracking/_tracking_service/client.py\", line 186, in create_run","logger":"task.stderr"}
{"timestamp":"2026-03-14T12:24:58.287325Z","level":"error","event":"    return self.store.create_run(","logger":"task.stderr"}
{"timestamp":"2026-03-14T12:24:58.288375Z","level":"error","event":"           ^^^^^^^^^^^^^^^^^^^^^^","logger":"task.stderr"}
{"timestamp":"2026-03-14T12:24:58.289026Z","level":"error","event":"  File \"/home/airflow/.local/lib/python3.12/site-packages/mlflow/store/tracking/rest_store.py\", line 370, in create_run","logger":"task.stderr"}
{"timestamp":"2026-03-14T12:24:58.289959Z","level":"error","event":"    response_proto = self._call_endpoint(CreateRun, req_body)","logger":"task.stderr"}
{"timestamp":"2026-03-14T12:24:58.290787Z","level":"error","event":"                     ^^^^^^^^^^^^^^^^^^^^^^^^^^^^^^^^^^^^^^^^","logger":"task.stderr"}
{"timestamp":"2026-03-14T12:24:58.291975Z","level":"error","event":"  File \"/home/airflow/.local/lib/python3.12/site-packages/mlflow/store/tracking/rest_store.py\", line 233, in _call_endpoint","logger":"task.stderr"}
{"timestamp":"2026-03-14T12:24:58.293321Z","level":"error","event":"    return call_endpoint(","logger":"task.stderr"}
{"timestamp":"2026-03-14T12:24:58.294858Z","level":"error","event":"           ^^^^^^^^^^^^^^","logger":"task.stderr"}
{"timestamp":"2026-03-14T12:24:58.295902Z","level":"error","event":"  File \"/home/airflow/.local/lib/python3.12/site-packages/mlflow/utils/rest_utils.py\", line 627, in call_endpoint","logger":"task.stderr"}
{"timestamp":"2026-03-14T12:24:58.296577Z","level":"error","event":"    response = verify_rest_response(","logger":"task.stderr"}
{"timestamp":"2026-03-14T12:24:58.297227Z","level":"error","event":"               ^^^^^^^^^^^^^^^^^^^^^","logger":"task.stderr"}
{"timestamp":"2026-03-14T12:24:58.298041Z","level":"error","event":"  File \"/home/airflow/.local/lib/python3.12/site-packages/mlflow/utils/rest_utils.py\", line 348, in verify_rest_response","logger":"task.stderr"}
{"timestamp":"2026-03-14T12:24:58.298758Z","level":"error","event":"    raise MlflowException(","logger":"task.stderr"}
{"timestamp":"2026-03-14T12:24:58.300096Z","level":"error","event":"mlflow.exceptions.MlflowException: API request to endpoint /api/2.0/mlflow/runs/create failed with error code 403 != 200. Response body: ''","logger":"task.stderr"}
{"timestamp":"2026-03-14T12:24:59.041709Z","level":"error","event":"Task failed with exception","logger":"task","filename":"task_runner.py","lineno":1186,"error_detail":[{"exc_type":"CalledProcessError","exc_value":"Command '['python', '/opt/airflow/src/train.py', '--model_name', 'XGBoost']' returned non-zero exit status 1.","exc_notes":[],"syntax_error":null,"is_cause":false,"frames":[{"filename":"/home/airflow/.local/lib/python3.12/site-packages/airflow/sdk/execution_time/task_runner.py","lineno":1112,"name":"run"},{"filename":"/home/airflow/.local/lib/python3.12/site-packages/airflow/sdk/execution_time/task_runner.py","lineno":1528,"name":"_execute_task"},{"filename":"/home/airflow/.local/lib/python3.12/site-packages/airflow/sdk/bases/operator.py","lineno":417,"name":"wrapper"},{"filename":"/home/airflow/.local/lib/python3.12/site-packages/airflow/providers/standard/operators/python.py","lineno":228,"name":"execute"},{"filename":"/home/airflow/.local/lib/python3.12/site-packages/airflow/providers/standard/operators/python.py","lineno":251,"name":"execute_callable"},{"filename":"/home/airflow/.local/lib/python3.12/site-packages/airflow/sdk/execution_time/callback_runner.py","lineno":82,"name":"run"},{"filename":"/opt/airflow/dags/airflow_pipeline.py","lineno":79,"name":"run_training"},{"filename":"/usr/python/lib/python3.12/subprocess.py","lineno":571,"name":"run"}],"is_group":false,"exceptions":[]}]}
