{"timestamp":"2026-03-13T19:18:06.801065Z","level":"info","event":"DAG bundles loaded: dags-folder","logger":"airflow.dag_processing.bundles.manager.DagBundlesManager","filename":"manager.py","lineno":179}
{"timestamp":"2026-03-13T19:18:06.801829Z","level":"info","event":"Filling up the DagBag from /opt/airflow/dags/airflow_pipeline.py","logger":"airflow.models.dagbag.BundleDagBag","filename":"dagbag.py","lineno":593}
{"timestamp":"2026-03-13T19:18:06.813845Z","level":"info","event":"Stats instance was created in PID 8 but accessed in PID 106. Re-initializing.","logger":"airflow.stats","filename":"stats.py","lineno":57}
{"timestamp":"2026-03-13T19:18:13.183755Z","level":"info","event":"2026-03-13 19:18:13,183 [INFO] 🚀 ===> Data_Ingestion Stage: Start Processing","logger":"task.stdout"}
{"timestamp":"2026-03-13T19:18:13.204062Z","level":"info","event":"2026-03-13 19:18:13,203 [INFO] DataFrame: 7,043 rows | 21 columns ===> ℹ️","logger":"task.stdout"}
{"timestamp":"2026-03-13T19:18:13.204280Z","level":"info","event":"2026-03-13 19:18:13,203 [INFO] ✅ ===> Data_Ingestion Stage: Completed Processing","logger":"task.stdout"}
{"timestamp":"2026-03-13T19:18:13.204351Z","level":"info","event":"2026-03-13 19:18:13,204 [INFO] 🚀 ===> Data_Ingestion Stage: Start Validating","logger":"task.stdout"}
{"timestamp":"2026-03-13T19:18:13.212580Z","level":"info","event":"2026-03-13 19:18:13,212 [INFO] No missing values Detected! ===> ✅","logger":"task.stdout"}
{"timestamp":"2026-03-13T19:18:13.215289Z","level":"info","event":"2026-03-13 19:18:13,215 [INFO] Target Distribution: 26.500% Churn | 73.500% No Churn ===> ℹ️","logger":"task.stdout"}
{"timestamp":"2026-03-13T19:18:13.215454Z","level":"info","event":"2026-03-13 19:18:13,215 [INFO] ✅ ===> Data_Ingestion Stage: Completed Validating","logger":"task.stdout"}
{"timestamp":"2026-03-13T19:18:13.229671Z","level":"info","event":"2026-03-13 19:18:13,229 [INFO] 🚀 ===> Preprocessor Stage: Started Processing","logger":"task.stdout"}
{"timestamp":"2026-03-13T19:18:13.229863Z","level":"info","event":"2026-03-13 19:18:13,229 [WARNING] ⚠️ ===> Processed file already exists.","logger":"task.stdout"}
{"timestamp":"2026-03-13T19:18:13.229934Z","level":"info","event":"2026-03-13 19:18:13,229 [INFO] ℹ️ ===> Build processed file.","logger":"task.stdout"}
{"timestamp":"2026-03-13T19:18:13.238787Z","level":"info","event":"2026-03-13 19:18:13,238 [INFO] Train: 5,634  |  Test: 1,409","logger":"task.stdout"}
{"timestamp":"2026-03-13T19:18:13.486980Z","level":"error","event":"Traceback (most recent call last):","logger":"task.stderr"}
{"timestamp":"2026-03-13T19:18:13.487126Z","level":"error","event":"  File \"/opt/airflow/src/preprocessing.py\", line 155, in <module>","logger":"task.stderr"}
{"timestamp":"2026-03-13T19:18:13.487266Z","level":"error","event":"    train_df, test_df = preprocessor.build_preprocessor()","logger":"task.stderr"}
{"timestamp":"2026-03-13T19:18:13.487333Z","level":"error","event":"                        ^^^^^^^^^^^^^^^^^^^^^^^^^^^^^^^^^","logger":"task.stderr"}
{"timestamp":"2026-03-13T19:18:13.487392Z","level":"error","event":"  File \"/opt/airflow/src/preprocessing.py\", line 140, in build_preprocessor","logger":"task.stderr"}
{"timestamp":"2026-03-13T19:18:13.487450Z","level":"error","event":"    joblib.dump(self.preprocessor, PREPROCESSOR_PATH)","logger":"task.stderr"}
{"timestamp":"2026-03-13T19:18:13.487505Z","level":"error","event":"  File \"/home/airflow/.local/lib/python3.12/site-packages/joblib/numpy_pickle.py\", line 599, in dump","logger":"task.stderr"}
{"timestamp":"2026-03-13T19:18:13.487604Z","level":"error","event":"    with open(filename, \"wb\") as f:","logger":"task.stderr"}
{"timestamp":"2026-03-13T19:18:13.487667Z","level":"error","event":"         ^^^^^^^^^^^^^^^^^^^^","logger":"task.stderr"}
{"timestamp":"2026-03-13T19:18:13.487722Z","level":"error","event":"FileNotFoundError: [Errno 2] No such file or directory: '/opt/airflow/models/preprocessing/preprocessor.joblib'","logger":"task.stderr"}
{"timestamp":"2026-03-13T19:18:13.719384Z","level":"error","event":"Task failed with exception","logger":"task","filename":"task_runner.py","lineno":1186,"error_detail":[{"exc_type":"CalledProcessError","exc_value":"Command '['python', '/opt/airflow/src/preprocessing.py']' returned non-zero exit status 1.","exc_notes":[],"syntax_error":null,"is_cause":false,"frames":[{"filename":"/home/airflow/.local/lib/python3.12/site-packages/airflow/sdk/execution_time/task_runner.py","lineno":1112,"name":"run"},{"filename":"/home/airflow/.local/lib/python3.12/site-packages/airflow/sdk/execution_time/task_runner.py","lineno":1528,"name":"_execute_task"},{"filename":"/home/airflow/.local/lib/python3.12/site-packages/airflow/sdk/bases/operator.py","lineno":417,"name":"wrapper"},{"filename":"/home/airflow/.local/lib/python3.12/site-packages/airflow/providers/standard/operators/python.py","lineno":228,"name":"execute"},{"filename":"/home/airflow/.local/lib/python3.12/site-packages/airflow/providers/standard/operators/python.py","lineno":251,"name":"execute_callable"},{"filename":"/home/airflow/.local/lib/python3.12/site-packages/airflow/sdk/execution_time/callback_runner.py","lineno":82,"name":"run"},{"filename":"/opt/airflow/dags/airflow_pipeline.py","lineno":10,"name":"run_preprocessing"},{"filename":"/usr/python/lib/python3.12/subprocess.py","lineno":571,"name":"run"}],"is_group":false,"exceptions":[]}]}
