{"timestamp":"2026-03-14T09:19:19.139366Z","level":"info","event":"DAG bundles loaded: dags-folder","logger":"airflow.dag_processing.bundles.manager.DagBundlesManager","filename":"manager.py","lineno":179}
{"timestamp":"2026-03-14T09:19:19.140073Z","level":"info","event":"Filling up the DagBag from /opt/airflow/dags/airflow_pipeline.py","logger":"airflow.models.dagbag.BundleDagBag","filename":"dagbag.py","lineno":593}
{"timestamp":"2026-03-14T09:19:19.146831Z","level":"info","event":"Stats instance was created in PID 7 but accessed in PID 1591. Re-initializing.","logger":"airflow.stats","filename":"stats.py","lineno":57}
{"timestamp":"2026-03-14T09:19:22.598863Z","level":"error","event":"/home/airflow/.local/lib/python3.12/site-packages/requests/__init__.py:113: RequestsDependencyWarning: urllib3 (2.6.3) or chardet (6.0.0.post1)/charset_normalizer (3.4.5) doesn't match a supported version!","logger":"task.stderr"}
{"timestamp":"2026-03-14T09:19:22.599014Z","level":"error","event":"  warnings.warn(","logger":"task.stderr"}
{"timestamp":"2026-03-14T09:19:24.374314Z","level":"info","event":"                      ❗❗❗ AUTHORIZATION REQUIRED ❗❗❗","logger":"task.stdout"}
{"timestamp":"2026-03-14T09:21:25.202342Z","level":"info","event":"","logger":"task.stdout"}
{"timestamp":"2026-03-14T09:21:25.202474Z","level":"info","event":"","logger":"task.stdout"}
{"timestamp":"2026-03-14T09:21:25.202540Z","level":"info","event":"Open the following link in your browser to authorize the client:","logger":"task.stdout"}
{"timestamp":"2026-03-14T09:21:25.202604Z","level":"info","event":"https://dagshub.com/login/oauth/authorize?state=63f60221-e233-4d66-8e15-6df56193424a&client_id=32b60ba385aa7cecf24046d8195a71c07dd345d9657977863b52e7748e0f0f28&middleman_request_id=a6af859f36663e5604ef3ab778ffc6eb2f9d6a1998f85b8e88a5f4a379575a13","logger":"task.stdout"}
{"timestamp":"2026-03-14T09:21:25.202683Z","level":"info","event":"","logger":"task.stdout"}
{"timestamp":"2026-03-14T09:21:25.202743Z","level":"info","event":"","logger":"task.stdout"}
{"timestamp":"2026-03-14T09:21:25.202803Z","level":"info","event":"2026-03-14 09:21:25,202 [INFO] HTTP Request: POST https://dagshub.com/login/oauth/middleman \"HTTP/1.1 504 Gateway Time-out\"","logger":"task.stdout"}
{"timestamp":"2026-03-14T09:21:25.203292Z","level":"info","event":"2026-03-14 09:21:25,203 [ERROR] Error initializing DAGsHub: Expecting value: line 1 column 1 (char 0) ===> ❌","logger":"task.stdout"}
{"timestamp":"2026-03-14T09:21:26.570095Z","level":"error","event":"2026/03/14 09:21:26 INFO mlflow.tracking.fluent: Autologging successfully enabled for sklearn.","logger":"task.stderr"}
{"timestamp":"2026-03-14T09:21:26.582809Z","level":"error","event":"2026/03/14 09:21:26 INFO mlflow.tracking.fluent: Autologging successfully enabled for xgboost.","logger":"task.stderr"}
{"timestamp":"2026-03-14T09:21:26.583980Z","level":"info","event":"2026-03-14 09:21:26,583 [INFO] ⚠️ ===> Models directory already exists!","logger":"task.stdout"}
{"timestamp":"2026-03-14T09:21:26.584386Z","level":"info","event":"2026-03-14 09:21:26,584 [INFO] Models directory build successfully! ===> ℹ️","logger":"task.stdout"}
{"timestamp":"2026-03-14T09:21:26.584601Z","level":"info","event":"2026-03-14 09:21:26,584 [INFO] Training Features: 40 ===> ℹ️","logger":"task.stdout"}
{"timestamp":"2026-03-14T09:21:26.584715Z","level":"info","event":"2026-03-14 09:21:26,584 [INFO] 🚀 ===> Training Stage: Started Processing","logger":"task.stdout"}
{"timestamp":"2026-03-14T09:21:26.982503Z","level":"error","event":"Traceback (most recent call last):","logger":"task.stderr"}
{"timestamp":"2026-03-14T09:21:26.982637Z","level":"error","event":"  File \"/opt/airflow/src/train.py\", line 225, in <module>","logger":"task.stderr"}
{"timestamp":"2026-03-14T09:21:26.982771Z","level":"error","event":"  File \"/opt/airflow/src/train.py\", line 154, in run_training","logger":"task.stderr"}
{"timestamp":"2026-03-14T09:21:26.982839Z","level":"error","event":"","logger":"task.stderr"}
{"timestamp":"2026-03-14T09:21:26.982901Z","level":"error","event":"  File \"/opt/airflow/src/train.py\", line 61, in _setup_model_train","logger":"task.stderr"}
{"timestamp":"2026-03-14T09:21:26.983014Z","level":"error","event":"    with mlflow.start_run():","logger":"task.stderr"}
{"timestamp":"2026-03-14T09:21:26.983079Z","level":"error","event":"         ^^^^^^^^^^^^^^^^^^","logger":"task.stderr"}
{"timestamp":"2026-03-14T09:21:26.983137Z","level":"error","event":"  File \"/home/airflow/.local/lib/python3.12/site-packages/mlflow/tracking/fluent.py\", line 544, in start_run","logger":"task.stderr"}
{"timestamp":"2026-03-14T09:21:26.983199Z","level":"error","event":"    active_run_obj = client.create_run(","logger":"task.stderr"}
{"timestamp":"2026-03-14T09:21:26.983297Z","level":"error","event":"                     ^^^^^^^^^^^^^^^^^^","logger":"task.stderr"}
{"timestamp":"2026-03-14T09:21:26.983361Z","level":"error","event":"  File \"/home/airflow/.local/lib/python3.12/site-packages/mlflow/tracking/client.py\", line 604, in create_run","logger":"task.stderr"}
{"timestamp":"2026-03-14T09:21:26.983419Z","level":"error","event":"    return self._tracking_client.create_run(experiment_id, start_time, tags, run_name)","logger":"task.stderr"}
{"timestamp":"2026-03-14T09:21:26.983474Z","level":"error","event":"           ^^^^^^^^^^^^^^^^^^^^^^^^^^^^^^^^^^^^^^^^^^^^^^^^^^^^^^^^^^^^^^^^^^^^^^^^^^^","logger":"task.stderr"}
{"timestamp":"2026-03-14T09:21:26.983530Z","level":"error","event":"  File \"/home/airflow/.local/lib/python3.12/site-packages/mlflow/telemetry/track.py\", line 30, in wrapper","logger":"task.stderr"}
{"timestamp":"2026-03-14T09:21:26.983653Z","level":"error","event":"    result = func(*args, **kwargs)","logger":"task.stderr"}
{"timestamp":"2026-03-14T09:21:26.983718Z","level":"error","event":"             ^^^^^^^^^^^^^^^^^^^^^","logger":"task.stderr"}
{"timestamp":"2026-03-14T09:21:26.983776Z","level":"error","event":"  File \"/home/airflow/.local/lib/python3.12/site-packages/mlflow/tracking/_tracking_service/client.py\", line 186, in create_run","logger":"task.stderr"}
{"timestamp":"2026-03-14T09:21:26.983834Z","level":"error","event":"    return self.store.create_run(","logger":"task.stderr"}
{"timestamp":"2026-03-14T09:21:26.983894Z","level":"error","event":"           ^^^^^^^^^^^^^^^^^^^^^^","logger":"task.stderr"}
{"timestamp":"2026-03-14T09:21:26.983950Z","level":"error","event":"  File \"/home/airflow/.local/lib/python3.12/site-packages/mlflow/store/tracking/rest_store.py\", line 370, in create_run","logger":"task.stderr"}
{"timestamp":"2026-03-14T09:21:26.984007Z","level":"error","event":"    response_proto = self._call_endpoint(CreateRun, req_body)","logger":"task.stderr"}
{"timestamp":"2026-03-14T09:21:26.984063Z","level":"error","event":"                     ^^^^^^^^^^^^^^^^^^^^^^^^^^^^^^^^^^^^^^^^","logger":"task.stderr"}
{"timestamp":"2026-03-14T09:21:26.984119Z","level":"error","event":"  File \"/home/airflow/.local/lib/python3.12/site-packages/mlflow/store/tracking/rest_store.py\", line 233, in _call_endpoint","logger":"task.stderr"}
{"timestamp":"2026-03-14T09:21:26.984245Z","level":"error","event":"    return call_endpoint(","logger":"task.stderr"}
{"timestamp":"2026-03-14T09:21:26.984316Z","level":"error","event":"           ^^^^^^^^^^^^^^","logger":"task.stderr"}
{"timestamp":"2026-03-14T09:21:26.984375Z","level":"error","event":"  File \"/home/airflow/.local/lib/python3.12/site-packages/mlflow/utils/rest_utils.py\", line 627, in call_endpoint","logger":"task.stderr"}
{"timestamp":"2026-03-14T09:21:26.984433Z","level":"error","event":"    response = verify_rest_response(","logger":"task.stderr"}
{"timestamp":"2026-03-14T09:21:26.984488Z","level":"error","event":"               ^^^^^^^^^^^^^^^^^^^^^","logger":"task.stderr"}
{"timestamp":"2026-03-14T09:21:26.984545Z","level":"error","event":"  File \"/home/airflow/.local/lib/python3.12/site-packages/mlflow/utils/rest_utils.py\", line 348, in verify_rest_response","logger":"task.stderr"}
{"timestamp":"2026-03-14T09:21:26.984600Z","level":"error","event":"    raise MlflowException(","logger":"task.stderr"}
{"timestamp":"2026-03-14T09:21:26.984756Z","level":"error","event":"mlflow.exceptions.MlflowException: API request to endpoint /api/2.0/mlflow/runs/create failed with error code 403 != 200. Response body: ''","logger":"task.stderr"}
{"timestamp":"2026-03-14T09:21:27.494973Z","level":"error","event":"Task failed with exception","logger":"task","filename":"task_runner.py","lineno":1186,"error_detail":[{"exc_type":"CalledProcessError","exc_value":"Command '['python', '/opt/airflow/src/train.py', '--model_name', 'Logistic_Regression']' returned non-zero exit status 1.","exc_notes":[],"syntax_error":null,"is_cause":false,"frames":[{"filename":"/home/airflow/.local/lib/python3.12/site-packages/airflow/sdk/execution_time/task_runner.py","lineno":1112,"name":"run"},{"filename":"/home/airflow/.local/lib/python3.12/site-packages/airflow/sdk/execution_time/task_runner.py","lineno":1528,"name":"_execute_task"},{"filename":"/home/airflow/.local/lib/python3.12/site-packages/airflow/sdk/bases/operator.py","lineno":417,"name":"wrapper"},{"filename":"/home/airflow/.local/lib/python3.12/site-packages/airflow/providers/standard/operators/python.py","lineno":228,"name":"execute"},{"filename":"/home/airflow/.local/lib/python3.12/site-packages/airflow/providers/standard/operators/python.py","lineno":251,"name":"execute_callable"},{"filename":"/home/airflow/.local/lib/python3.12/site-packages/airflow/sdk/execution_time/callback_runner.py","lineno":82,"name":"run"},{"filename":"/opt/airflow/dags/airflow_pipeline.py","lineno":28,"name":"run_training"},{"filename":"/usr/python/lib/python3.12/subprocess.py","lineno":571,"name":"run"}],"is_group":false,"exceptions":[]}]}
