{"timestamp":"2026-03-12T19:50:40.145004","level":"info","event":"DAG bundles loaded: dags-folder, example_dags","logger":"airflow.dag_processing.bundles.manager.DagBundlesManager"}
{"timestamp":"2026-03-12T19:50:40.145416","level":"info","event":"Filling up the DagBag from /home/cisco/Desktop/Projects/Customer-Churn-Prediction/venv/lib/python3.12/site-packages/airflow/example_dags/example_python_operator.py","logger":"airflow.models.dagbag.DagBag"}
{"timestamp":"2026-03-12T19:50:40.229399Z","level":"info","event":"Task instance is in running state","chan":"stdout","logger":"task"}
{"timestamp":"2026-03-12T19:50:40.229507Z","level":"info","event":" Previous state of the Task instance: queued","chan":"stdout","logger":"task"}
{"timestamp":"2026-03-12T19:50:40.229563Z","level":"info","event":"Current task name:print_the_context","chan":"stdout","logger":"task"}
{"timestamp":"2026-03-12T19:50:40.229613Z","level":"info","event":"Dag name:example_python_operator","chan":"stdout","logger":"task"}
{"timestamp":"2026-03-12T19:50:40.229662Z","level":"info","event":"::group::All kwargs","chan":"stdout","logger":"task"}
{"timestamp":"2026-03-12T19:50:40.229709Z","level":"info","event":"{'conn': <ConnectionAccessor (dynamic access)>,","chan":"stdout","logger":"task"}
{"timestamp":"2026-03-12T19:50:40.229756Z","level":"info","event":" 'dag': <DAG: example_python_operator>,","chan":"stdout","logger":"task"}
{"timestamp":"2026-03-12T19:50:40.229817Z","level":"info","event":" 'dag_run': DagRun(dag_id='example_python_operator', run_id='manual__2026-03-12T19:50:39.275497+00:00', logical_date=datetime.datetime(2026, 3, 12, 19, 50, 36, 921000, tzinfo=TzInfo(UTC)), data_interval_start=datetime.datetime(2026, 3, 12, 19, 50, 36, 921000, tzinfo=TzInfo(UTC)), data_interval_end=datetime.datetime(2026, 3, 12, 19, 50, 36, 921000, tzinfo=TzInfo(UTC)), run_after=datetime.datetime(2026, 3, 12, 19, 50, 36, 921000, tzinfo=TzInfo(UTC)), start_date=datetime.datetime(2026, 3, 12, 19, 50, 39, 537759, tzinfo=TzInfo(UTC)), end_date=None, clear_number=0, run_type=<DagRunType.MANUAL: 'manual'>, conf={}, consumed_asset_events=[]),","chan":"stdout","logger":"task"}
{"timestamp":"2026-03-12T19:50:40.229868Z","level":"info","event":" 'data_interval_end': DateTime(2026, 3, 12, 19, 50, 36, 921000, tzinfo=Timezone('UTC')),","chan":"stdout","logger":"task"}
{"timestamp":"2026-03-12T19:50:40.229914Z","level":"info","event":" 'data_interval_start': DateTime(2026, 3, 12, 19, 50, 36, 921000, tzinfo=Timezone('UTC')),","chan":"stdout","logger":"task"}
{"timestamp":"2026-03-12T19:50:40.229962Z","level":"info","event":" 'ds_nodash': '20260312',","chan":"stdout","logger":"task"}
{"timestamp":"2026-03-12T19:50:40.230008Z","level":"info","event":" 'inlet_events': InletEventsAccessors(_inlets=[], _assets={}, _asset_aliases={}),","chan":"stdout","logger":"task"}
{"timestamp":"2026-03-12T19:50:40.230053Z","level":"info","event":" 'inlets': [],","chan":"stdout","logger":"task"}
{"timestamp":"2026-03-12T19:50:40.230098Z","level":"info","event":" 'logical_date': DateTime(2026, 3, 12, 19, 50, 36, 921000, tzinfo=Timezone('UTC')),","chan":"stdout","logger":"task"}
{"timestamp":"2026-03-12T19:50:40.230142Z","level":"info","event":" 'macros': <MacrosAccessor (dynamic access to macros)>,","chan":"stdout","logger":"task"}
{"timestamp":"2026-03-12T19:50:40.230187Z","level":"info","event":" 'map_index_template': None,","chan":"stdout","logger":"task"}
{"timestamp":"2026-03-12T19:50:40.230231Z","level":"info","event":" 'outlet_events': <airflow.sdk.execution_time.context.OutletEventAccessors object at 0x76a2f57a3080>,","chan":"stdout","logger":"task"}
{"timestamp":"2026-03-12T19:50:40.230276Z","level":"info","event":" 'outlets': [],","chan":"stdout","logger":"task"}
{"timestamp":"2026-03-12T19:50:40.230329Z","level":"info","event":" 'params': {},","chan":"stdout","logger":"task"}
{"timestamp":"2026-03-12T19:50:40.229905","level":"info","event":"Done. Returned value was: Whatever you return gets printed in the logs","logger":"airflow.task.operators.airflow.providers.standard.operators.python.PythonOperator"}
{"timestamp":"2026-03-12T19:50:40.230052","level":"info","event":"Pushing xcom","ti":"RuntimeTaskInstance(id=UUID('019ce399-e3d5-7c0d-bcaa-668e12d44669'), task_id='print_the_context', dag_id='example_python_operator', run_id='manual__2026-03-12T19:50:39.275497+00:00', try_number=1, map_index=-1, hostname='cisco-MS-7B86', context_carrier=None, task=<Task(PythonOperator): print_the_context>, bundle_instance=LocalDagBundle(name=example_dags), max_tries=0, start_date=datetime.datetime(2026, 3, 12, 19, 50, 39, 759718, tzinfo=TzInfo(UTC)), end_date=None, is_mapped=False)","logger":"task"}
{"timestamp":"2026-03-12T19:50:40.295271Z","level":"info","event":" 'prev_data_interval_end_success': <Proxy at 0x76a2d6124290 with factory <function RuntimeTaskInstance.get_template_context.<locals>.<lambda> at 0x76a2d6110360>>,","chan":"stdout","logger":"task"}
{"timestamp":"2026-03-12T19:50:40.295368Z","level":"info","event":" 'prev_data_interval_start_success': <Proxy at 0x76a2d66974a0 with factory <function RuntimeTaskInstance.get_template_context.<locals>.<lambda> at 0x76a2d61105e0>>,","chan":"stdout","logger":"task"}
{"timestamp":"2026-03-12T19:50:40.295422Z","level":"info","event":" 'prev_end_date_success': <Proxy at 0x76a2f57a3920 with factory <function RuntimeTaskInstance.get_template_context.<locals>.<lambda> at 0x76a2d6112a20>>,","chan":"stdout","logger":"task"}
{"timestamp":"2026-03-12T19:50:40.295471Z","level":"info","event":" 'prev_start_date_success': <Proxy at 0x76a2f57a3800 with factory <function RuntimeTaskInstance.get_template_context.<locals>.<lambda> at 0x76a2d6112de0>>,","chan":"stdout","logger":"task"}
{"timestamp":"2026-03-12T19:50:40.295519Z","level":"info","event":" 'run_id': 'manual__2026-03-12T19:50:39.275497+00:00',","chan":"stdout","logger":"task"}
{"timestamp":"2026-03-12T19:50:40.295565Z","level":"info","event":" 'task': <Task(PythonOperator): print_the_context>,","chan":"stdout","logger":"task"}
{"timestamp":"2026-03-12T19:50:40.295612Z","level":"info","event":" 'task_instance': RuntimeTaskInstance(id=UUID('019ce399-e3d5-7c0d-bcaa-668e12d44669'), task_id='print_the_context', dag_id='example_python_operator', run_id='manual__2026-03-12T19:50:39.275497+00:00', try_number=1, map_index=-1, hostname='cisco-MS-7B86', context_carrier=None, task=<Task(PythonOperator): print_the_context>, bundle_instance=LocalDagBundle(name=example_dags), max_tries=0, start_date=datetime.datetime(2026, 3, 12, 19, 50, 39, 759718, tzinfo=TzInfo(UTC)), end_date=None, is_mapped=False),","chan":"stdout","logger":"task"}
{"timestamp":"2026-03-12T19:50:40.295659Z","level":"info","event":" 'task_instance_key_str': 'example_python_operator__print_the_context__20260312',","chan":"stdout","logger":"task"}
{"timestamp":"2026-03-12T19:50:40.295704Z","level":"info","event":" 'task_reschedule_count': 0,","chan":"stdout","logger":"task"}
{"timestamp":"2026-03-12T19:50:40.295749Z","level":"info","event":" 'templates_dict': None,","chan":"stdout","logger":"task"}
{"timestamp":"2026-03-12T19:50:40.295805Z","level":"info","event":" 'ti': RuntimeTaskInstance(id=UUID('019ce399-e3d5-7c0d-bcaa-668e12d44669'), task_id='print_the_context', dag_id='example_python_operator', run_id='manual__2026-03-12T19:50:39.275497+00:00', try_number=1, map_index=-1, hostname='cisco-MS-7B86', context_carrier=None, task=<Task(PythonOperator): print_the_context>, bundle_instance=LocalDagBundle(name=example_dags), max_tries=0, start_date=datetime.datetime(2026, 3, 12, 19, 50, 39, 759718, tzinfo=TzInfo(UTC)), end_date=None, is_mapped=False),","chan":"stdout","logger":"task"}
{"timestamp":"2026-03-12T19:50:40.295853Z","level":"info","event":" 'triggering_asset_events': TriggeringAssetEventsAccessor(_events=defaultdict(<class 'list'>, {})),","chan":"stdout","logger":"task"}
{"timestamp":"2026-03-12T19:50:40.295897Z","level":"info","event":" 'ts': '2026-03-12T19:50:36.921000+00:00',","chan":"stdout","logger":"task"}
{"timestamp":"2026-03-12T19:50:40.295941Z","level":"info","event":" 'ts_nodash': '20260312T195036',","chan":"stdout","logger":"task"}
{"timestamp":"2026-03-12T19:50:40.295985Z","level":"info","event":" 'ts_nodash_with_tz': '20260312T195036.921000+0000',","chan":"stdout","logger":"task"}
{"timestamp":"2026-03-12T19:50:40.296038Z","level":"info","event":" 'var': {'json': <VariableAccessor (dynamic access)>,","chan":"stdout","logger":"task"}
{"timestamp":"2026-03-12T19:50:40.296083Z","level":"info","event":"         'value': <VariableAccessor (dynamic access)>}}","chan":"stdout","logger":"task"}
{"timestamp":"2026-03-12T19:50:40.296127Z","level":"info","event":"::endgroup::","chan":"stdout","logger":"task"}
{"timestamp":"2026-03-12T19:50:40.296170Z","level":"info","event":"::group::Context variable ds","chan":"stdout","logger":"task"}
{"timestamp":"2026-03-12T19:50:40.296213Z","level":"info","event":"2026-03-12","chan":"stdout","logger":"task"}
{"timestamp":"2026-03-12T19:50:40.296256Z","level":"info","event":"::endgroup::","chan":"stdout","logger":"task"}
{"timestamp":"2026-03-12T19:50:40.296300Z","level":"info","event":"Task instance in success state","chan":"stdout","logger":"task"}
{"timestamp":"2026-03-12T19:50:40.296344Z","level":"info","event":" Previous state of the Task instance: running","chan":"stdout","logger":"task"}
{"timestamp":"2026-03-12T19:50:40.296387Z","level":"info","event":"Task operator:<Task(PythonOperator): print_the_context>","chan":"stdout","logger":"task"}
