{"timestamp":"2026-03-12T19:50:49.311129","level":"info","event":"DAG bundles loaded: dags-folder, example_dags","logger":"airflow.dag_processing.bundles.manager.DagBundlesManager"}
{"timestamp":"2026-03-12T19:50:49.311612","level":"info","event":"Filling up the DagBag from /home/cisco/Desktop/Projects/Customer-Churn-Prediction/venv/lib/python3.12/site-packages/airflow/example_dags/example_python_operator.py","logger":"airflow.models.dagbag.DagBag"}
{"timestamp":"2026-03-12T19:50:49.324214","level":"info","event":"Executing cmd: python -m venv /tmp/venv9hpd_pq0","logger":"airflow.utils.process_utils"}
{"timestamp":"2026-03-12T19:50:49.326967","level":"info","event":"Output:","logger":"airflow.utils.process_utils"}
{"timestamp":"2026-03-12T19:50:49.399352Z","level":"info","event":"Task instance is in running state","chan":"stdout","logger":"task"}
{"timestamp":"2026-03-12T19:50:49.399459Z","level":"info","event":" Previous state of the Task instance: queued","chan":"stdout","logger":"task"}
{"timestamp":"2026-03-12T19:50:49.399512Z","level":"info","event":"Current task name:virtualenv_python","chan":"stdout","logger":"task"}
{"timestamp":"2026-03-12T19:50:49.399560Z","level":"info","event":"Dag name:example_python_operator","chan":"stdout","logger":"task"}
{"timestamp":"2026-03-12T19:50:52.526027","level":"info","event":"Executing cmd: /tmp/venv9hpd_pq0/bin/pip install -r /tmp/venv9hpd_pq0/requirements.txt","logger":"airflow.utils.process_utils"}
{"timestamp":"2026-03-12T19:50:52.526402","level":"info","event":"Output:","logger":"airflow.utils.process_utils"}
{"timestamp":"2026-03-12T19:50:53.334824","level":"info","event":"Collecting colorama==0.4.0 (from -r /tmp/venv9hpd_pq0/requirements.txt (line 1))","logger":"airflow.utils.process_utils"}
{"timestamp":"2026-03-12T19:50:53.713089","level":"info","event":"  Downloading colorama-0.4.0-py2.py3-none-any.whl.metadata (13 kB)","logger":"airflow.utils.process_utils"}
{"timestamp":"2026-03-12T19:50:53.834257","level":"info","event":"Downloading colorama-0.4.0-py2.py3-none-any.whl (21 kB)","logger":"airflow.utils.process_utils"}
{"timestamp":"2026-03-12T19:50:53.877926","level":"info","event":"Installing collected packages: colorama","logger":"airflow.utils.process_utils"}
{"timestamp":"2026-03-12T19:50:53.906376","level":"info","event":"Successfully installed colorama-0.4.0","logger":"airflow.utils.process_utils"}
{"timestamp":"2026-03-12T19:50:53.988612","level":"info","event":"Executing cmd: /tmp/venv9hpd_pq0/bin/python /tmp/venv-callz9tl4hkv/script.py /tmp/venv-callz9tl4hkv/script.in /tmp/venv-callz9tl4hkv/script.out /tmp/venv-callz9tl4hkv/string_args.txt /tmp/venv-callz9tl4hkv/termination.log /tmp/venv-callz9tl4hkv/airflow_context.json","logger":"airflow.utils.process_utils"}
{"timestamp":"2026-03-12T19:50:53.989075","level":"info","event":"Output:","logger":"airflow.utils.process_utils"}
{"timestamp":"2026-03-12T19:50:54.008601","level":"info","event":"\u001b[31msome red text","logger":"airflow.utils.process_utils"}
{"timestamp":"2026-03-12T19:50:54.008712","level":"info","event":"\u001b[42mand with a green background","logger":"airflow.utils.process_utils"}
{"timestamp":"2026-03-12T19:50:54.008788","level":"info","event":"\u001b[2mand in dim text","logger":"airflow.utils.process_utils"}
{"timestamp":"2026-03-12T19:50:54.008848","level":"info","event":"\u001b[0m","logger":"airflow.utils.process_utils"}
{"timestamp":"2026-03-12T19:50:54.008911","level":"info","event":"\u001b[2mPlease wait...","logger":"airflow.utils.process_utils"}
{"timestamp":"2026-03-12T19:50:55.008700","level":"info","event":"\u001b[2mPlease wait...","logger":"airflow.utils.process_utils"}
{"timestamp":"2026-03-12T19:50:56.008792","level":"info","event":"\u001b[2mPlease wait...","logger":"airflow.utils.process_utils"}
{"timestamp":"2026-03-12T19:50:57.008861","level":"info","event":"\u001b[2mPlease wait...","logger":"airflow.utils.process_utils"}
{"timestamp":"2026-03-12T19:50:58.009034","level":"info","event":"Finished","logger":"airflow.utils.process_utils"}
{"timestamp":"2026-03-12T19:50:58.030560","level":"info","event":"Done. Returned value was: None","logger":"airflow.task.operators.airflow.providers.standard.operators.python.PythonVirtualenvOperator"}
{"timestamp":"2026-03-12T19:50:58.069036Z","level":"info","event":"Task instance in success state","chan":"stdout","logger":"task"}
{"timestamp":"2026-03-12T19:50:58.069133Z","level":"info","event":" Previous state of the Task instance: running","chan":"stdout","logger":"task"}
{"timestamp":"2026-03-12T19:50:58.069185Z","level":"info","event":"Task operator:<Task(PythonVirtualenvOperator): virtualenv_python>","chan":"stdout","logger":"task"}
