{"timestamp":"2026-03-14T08:11:34.883855Z","level":"info","event":"DAG bundles loaded: dags-folder","logger":"airflow.dag_processing.bundles.manager.DagBundlesManager","filename":"manager.py","lineno":179}
{"timestamp":"2026-03-14T08:11:34.884551Z","level":"info","event":"Filling up the DagBag from /opt/airflow/dags/airflow_pipeline.py","logger":"airflow.models.dagbag.BundleDagBag","filename":"dagbag.py","lineno":593}
{"timestamp":"2026-03-14T08:11:34.893089Z","level":"info","event":"Stats instance was created in PID 7 but accessed in PID 722. Re-initializing.","logger":"airflow.stats","filename":"stats.py","lineno":57}
{"timestamp":"2026-03-14T08:11:34.918760Z","level":"info","event":"Tmp dir root location: /tmp","logger":"airflow.task.hooks.airflow.providers.standard.hooks.subprocess.SubprocessHook","filename":"subprocess.py","lineno":78}
{"timestamp":"2026-03-14T08:11:34.919109Z","level":"info","event":"Running command: ['/usr/bin/bash', '-c', '\\n        airflow connections add \\'DAGSHUB_CONN\\'             --conn-type \\'generic\\'             --conn-host \\'https://dagshub.com\\'             --conn-login \\'Cisco248\\'             --conn-password \\'d425126e6c80f1211dafe8843bdde04e7eab9e16\\'             --conn-extra \\'{\"repo_name\": \"customer-churn-prediction\"}\\' || true\\n        ']","logger":"airflow.task.hooks.airflow.providers.standard.hooks.subprocess.SubprocessHook","filename":"subprocess.py","lineno":80}
{"timestamp":"2026-03-14T08:11:34.919791Z","level":"info","event":"Output:","logger":"airflow.task.hooks.airflow.providers.standard.hooks.subprocess.SubprocessHook","filename":"subprocess.py","lineno":92}
{"timestamp":"2026-03-14T08:11:35.877564Z","level":"info","event":"Traceback (most recent call last):","logger":"airflow.task.hooks.airflow.providers.standard.hooks.subprocess.SubprocessHook","filename":"subprocess.py","lineno":99}
{"timestamp":"2026-03-14T08:11:35.877692Z","level":"info","event":"  File \"/home/airflow/.local/bin/airflow\", line 3, in <module>","logger":"airflow.task.hooks.airflow.providers.standard.hooks.subprocess.SubprocessHook","filename":"subprocess.py","lineno":99}
{"timestamp":"2026-03-14T08:11:35.877748Z","level":"info","event":"    from airflow.__main__ import main","logger":"airflow.task.hooks.airflow.providers.standard.hooks.subprocess.SubprocessHook","filename":"subprocess.py","lineno":99}
{"timestamp":"2026-03-14T08:11:35.877798Z","level":"info","event":"  File \"/home/airflow/.local/lib/python3.12/site-packages/airflow/__init__.py\", line 79, in <module>","logger":"airflow.task.hooks.airflow.providers.standard.hooks.subprocess.SubprocessHook","filename":"subprocess.py","lineno":99}
{"timestamp":"2026-03-14T08:11:35.878921Z","level":"info","event":"    settings.initialize()","logger":"airflow.task.hooks.airflow.providers.standard.hooks.subprocess.SubprocessHook","filename":"subprocess.py","lineno":99}
{"timestamp":"2026-03-14T08:11:35.878987Z","level":"info","event":"  File \"/home/airflow/.local/lib/python3.12/site-packages/airflow/settings.py\", line 708, in initialize","logger":"airflow.task.hooks.airflow.providers.standard.hooks.subprocess.SubprocessHook","filename":"subprocess.py","lineno":99}
{"timestamp":"2026-03-14T08:11:35.879033Z","level":"info","event":"    configure_orm()","logger":"airflow.task.hooks.airflow.providers.standard.hooks.subprocess.SubprocessHook","filename":"subprocess.py","lineno":99}
{"timestamp":"2026-03-14T08:11:35.879080Z","level":"info","event":"  File \"/home/airflow/.local/lib/python3.12/site-packages/airflow/settings.py\", line 404, in configure_orm","logger":"airflow.task.hooks.airflow.providers.standard.hooks.subprocess.SubprocessHook","filename":"subprocess.py","lineno":99}
{"timestamp":"2026-03-14T08:11:35.879127Z","level":"info","event":"    engine = create_engine(","logger":"airflow.task.hooks.airflow.providers.standard.hooks.subprocess.SubprocessHook","filename":"subprocess.py","lineno":99}
{"timestamp":"2026-03-14T08:11:35.879172Z","level":"info","event":"             ^^^^^^^^^^^^^^","logger":"airflow.task.hooks.airflow.providers.standard.hooks.subprocess.SubprocessHook","filename":"subprocess.py","lineno":99}
{"timestamp":"2026-03-14T08:11:35.879217Z","level":"info","event":"  File \"<string>\", line 2, in create_engine","logger":"airflow.task.hooks.airflow.providers.standard.hooks.subprocess.SubprocessHook","filename":"subprocess.py","lineno":99}
{"timestamp":"2026-03-14T08:11:35.879260Z","level":"info","event":"  File \"/home/airflow/.local/lib/python3.12/site-packages/sqlalchemy/util/deprecations.py\", line 281, in warned","logger":"airflow.task.hooks.airflow.providers.standard.hooks.subprocess.SubprocessHook","filename":"subprocess.py","lineno":99}
{"timestamp":"2026-03-14T08:11:35.879722Z","level":"info","event":"    return fn(*args, **kwargs)  # type: ignore[no-any-return]","logger":"airflow.task.hooks.airflow.providers.standard.hooks.subprocess.SubprocessHook","filename":"subprocess.py","lineno":99}
{"timestamp":"2026-03-14T08:11:35.879849Z","level":"info","event":"           ^^^^^^^^^^^^^^^^^^^","logger":"airflow.task.hooks.airflow.providers.standard.hooks.subprocess.SubprocessHook","filename":"subprocess.py","lineno":99}
{"timestamp":"2026-03-14T08:11:35.879898Z","level":"info","event":"  File \"/home/airflow/.local/lib/python3.12/site-packages/sqlalchemy/engine/create.py\", line 564, in create_engine","logger":"airflow.task.hooks.airflow.providers.standard.hooks.subprocess.SubprocessHook","filename":"subprocess.py","lineno":99}
{"timestamp":"2026-03-14T08:11:35.881552Z","level":"info","event":"    u = _url.make_url(url)","logger":"airflow.task.hooks.airflow.providers.standard.hooks.subprocess.SubprocessHook","filename":"subprocess.py","lineno":99}
{"timestamp":"2026-03-14T08:11:35.881718Z","level":"info","event":"        ^^^^^^^^^^^^^^^^^^","logger":"airflow.task.hooks.airflow.providers.standard.hooks.subprocess.SubprocessHook","filename":"subprocess.py","lineno":99}
{"timestamp":"2026-03-14T08:11:35.881767Z","level":"info","event":"  File \"/home/airflow/.local/lib/python3.12/site-packages/sqlalchemy/engine/url.py\", line 856, in make_url","logger":"airflow.task.hooks.airflow.providers.standard.hooks.subprocess.SubprocessHook","filename":"subprocess.py","lineno":99}
{"timestamp":"2026-03-14T08:11:35.881847Z","level":"info","event":"    return _parse_url(name_or_url)","logger":"airflow.task.hooks.airflow.providers.standard.hooks.subprocess.SubprocessHook","filename":"subprocess.py","lineno":99}
{"timestamp":"2026-03-14T08:11:35.881897Z","level":"info","event":"           ^^^^^^^^^^^^^^^^^^^^^^^","logger":"airflow.task.hooks.airflow.providers.standard.hooks.subprocess.SubprocessHook","filename":"subprocess.py","lineno":99}
{"timestamp":"2026-03-14T08:11:35.881941Z","level":"info","event":"  File \"/home/airflow/.local/lib/python3.12/site-packages/sqlalchemy/engine/url.py\", line 922, in _parse_url","logger":"airflow.task.hooks.airflow.providers.standard.hooks.subprocess.SubprocessHook","filename":"subprocess.py","lineno":99}
{"timestamp":"2026-03-14T08:11:35.882010Z","level":"info","event":"    raise exc.ArgumentError(","logger":"airflow.task.hooks.airflow.providers.standard.hooks.subprocess.SubprocessHook","filename":"subprocess.py","lineno":99}
{"timestamp":"2026-03-14T08:11:35.882064Z","level":"info","event":"sqlalchemy.exc.ArgumentError: Could not parse SQLAlchemy URL from given URL string","logger":"airflow.task.hooks.airflow.providers.standard.hooks.subprocess.SubprocessHook","filename":"subprocess.py","lineno":99}
{"timestamp":"2026-03-14T08:11:36.034798Z","level":"info","event":"Command exited with return code 0","logger":"airflow.task.hooks.airflow.providers.standard.hooks.subprocess.SubprocessHook","filename":"subprocess.py","lineno":103}
{"timestamp":"2026-03-14T08:11:36.035244Z","level":"info","event":"Pushing xcom","ti":"RuntimeTaskInstance(id=UUID('019ceb66-9406-7bdd-ae62-594eb0c642d5'), task_id='setup_dagshub_connection', dag_id='churn_airflow_mlops_pipeline', run_id='manual__2026-03-14T08:11:34.264421+00:00', try_number=1, dag_version_id=UUID('019ceb62-96db-7c7d-9f56-4cfad8871300'), map_index=-1, hostname='a9fa4c7bf5b2', context_carrier={}, task=<Task(BashOperator): setup_dagshub_connection>, bundle_instance=LocalDagBundle(name=dags-folder), max_tries=0, start_date=datetime.datetime(2026, 3, 14, 8, 11, 34, 857587, tzinfo=datetime.timezone.utc), end_date=None, state=<TaskInstanceState.RUNNING: 'running'>, is_mapped=False, rendered_map_index=None)","logger":"task","filename":"task_runner.py","lineno":1573}
