{"timestamp":"2026-03-12T20:32:12.481060","level":"info","event":"Filling up the DagBag from /home/cisco/Desktop/Projects/Customer-Churn-Prediction/dags/airflow_pipeline.py","logger":"airflow.models.dagbag.DagBag"}
{"timestamp":"2026-03-12T20:32:43.068896","level":"info","event":"Filling up the DagBag from /home/cisco/Desktop/Projects/Customer-Churn-Prediction/dags/airflow_pipeline.py","logger":"airflow.models.dagbag.DagBag"}
{"timestamp":"2026-03-12T20:33:13.314635","level":"info","event":"Filling up the DagBag from /home/cisco/Desktop/Projects/Customer-Churn-Prediction/dags/airflow_pipeline.py","logger":"airflow.models.dagbag.DagBag"}
{"timestamp":"2026-03-12T20:33:43.668809","level":"info","event":"Filling up the DagBag from /home/cisco/Desktop/Projects/Customer-Churn-Prediction/dags/airflow_pipeline.py","logger":"airflow.models.dagbag.DagBag"}
{"timestamp":"2026-03-12T20:34:14.565698","level":"info","event":"Filling up the DagBag from /home/cisco/Desktop/Projects/Customer-Churn-Prediction/dags/airflow_pipeline.py","logger":"airflow.models.dagbag.DagBag"}
{"timestamp":"2026-03-12T20:34:34.298740","level":"info","event":"Filling up the DagBag from /home/cisco/Desktop/Projects/Customer-Churn-Prediction/dags/airflow_pipeline.py","logger":"airflow.models.dagbag.DagBag"}
{"timestamp":"2026-03-12T20:35:04.617904","level":"info","event":"Filling up the DagBag from /home/cisco/Desktop/Projects/Customer-Churn-Prediction/dags/airflow_pipeline.py","logger":"airflow.models.dagbag.DagBag"}
{"timestamp":"2026-03-12T20:36:49.450276Z","level":"info","event":"Filling up the DagBag from /opt/airflow/dags/airflow_pipeline.py","logger":"airflow.models.dagbag.BundleDagBag","filename":"dagbag.py","lineno":593}
{"timestamp":"2026-03-12T20:37:19.997936Z","level":"info","event":"Filling up the DagBag from /opt/airflow/dags/airflow_pipeline.py","logger":"airflow.models.dagbag.BundleDagBag","filename":"dagbag.py","lineno":593}
{"timestamp":"2026-03-12T20:37:50.184069Z","level":"info","event":"Filling up the DagBag from /opt/airflow/dags/airflow_pipeline.py","logger":"airflow.models.dagbag.BundleDagBag","filename":"dagbag.py","lineno":593}
{"timestamp":"2026-03-12T20:38:20.381904Z","level":"info","event":"Filling up the DagBag from /opt/airflow/dags/airflow_pipeline.py","logger":"airflow.models.dagbag.BundleDagBag","filename":"dagbag.py","lineno":593}
{"timestamp":"2026-03-12T20:38:50.585292Z","level":"info","event":"Filling up the DagBag from /opt/airflow/dags/airflow_pipeline.py","logger":"airflow.models.dagbag.BundleDagBag","filename":"dagbag.py","lineno":593}
{"timestamp":"2026-03-12T20:39:20.781007Z","level":"info","event":"Filling up the DagBag from /opt/airflow/dags/airflow_pipeline.py","logger":"airflow.models.dagbag.BundleDagBag","filename":"dagbag.py","lineno":593}
{"timestamp":"2026-03-12T20:39:50.981439Z","level":"info","event":"Filling up the DagBag from /opt/airflow/dags/airflow_pipeline.py","logger":"airflow.models.dagbag.BundleDagBag","filename":"dagbag.py","lineno":593}
{"timestamp":"2026-03-12T20:40:21.175071Z","level":"info","event":"Filling up the DagBag from /opt/airflow/dags/airflow_pipeline.py","logger":"airflow.models.dagbag.BundleDagBag","filename":"dagbag.py","lineno":593}
{"timestamp":"2026-03-12T20:40:51.374362Z","level":"info","event":"Filling up the DagBag from /opt/airflow/dags/airflow_pipeline.py","logger":"airflow.models.dagbag.BundleDagBag","filename":"dagbag.py","lineno":593}
{"timestamp":"2026-03-12T20:41:21.569477Z","level":"info","event":"Filling up the DagBag from /opt/airflow/dags/airflow_pipeline.py","logger":"airflow.models.dagbag.BundleDagBag","filename":"dagbag.py","lineno":593}
{"timestamp":"2026-03-12T20:41:51.788373Z","level":"info","event":"Filling up the DagBag from /opt/airflow/dags/airflow_pipeline.py","logger":"airflow.models.dagbag.BundleDagBag","filename":"dagbag.py","lineno":593}
{"timestamp":"2026-03-12T20:42:22.017238Z","level":"info","event":"Filling up the DagBag from /opt/airflow/dags/airflow_pipeline.py","logger":"airflow.models.dagbag.BundleDagBag","filename":"dagbag.py","lineno":593}
{"timestamp":"2026-03-12T20:42:52.229025Z","level":"info","event":"Filling up the DagBag from /opt/airflow/dags/airflow_pipeline.py","logger":"airflow.models.dagbag.BundleDagBag","filename":"dagbag.py","lineno":593}
{"timestamp":"2026-03-12T20:43:22.424549Z","level":"info","event":"Filling up the DagBag from /opt/airflow/dags/airflow_pipeline.py","logger":"airflow.models.dagbag.BundleDagBag","filename":"dagbag.py","lineno":593}
{"timestamp":"2026-03-12T20:43:52.614025Z","level":"info","event":"Filling up the DagBag from /opt/airflow/dags/airflow_pipeline.py","logger":"airflow.models.dagbag.BundleDagBag","filename":"dagbag.py","lineno":593}
{"timestamp":"2026-03-12T20:44:22.802912Z","level":"info","event":"Filling up the DagBag from /opt/airflow/dags/airflow_pipeline.py","logger":"airflow.models.dagbag.BundleDagBag","filename":"dagbag.py","lineno":593}
{"timestamp":"2026-03-12T20:44:53.021414Z","level":"info","event":"Filling up the DagBag from /opt/airflow/dags/airflow_pipeline.py","logger":"airflow.models.dagbag.BundleDagBag","filename":"dagbag.py","lineno":593}
{"timestamp":"2026-03-12T20:45:23.206968Z","level":"info","event":"Filling up the DagBag from /opt/airflow/dags/airflow_pipeline.py","logger":"airflow.models.dagbag.BundleDagBag","filename":"dagbag.py","lineno":593}
{"timestamp":"2026-03-12T20:45:53.389288Z","level":"info","event":"Filling up the DagBag from /opt/airflow/dags/airflow_pipeline.py","logger":"airflow.models.dagbag.BundleDagBag","filename":"dagbag.py","lineno":593}
{"timestamp":"2026-03-12T20:46:23.575955Z","level":"info","event":"Filling up the DagBag from /opt/airflow/dags/airflow_pipeline.py","logger":"airflow.models.dagbag.BundleDagBag","filename":"dagbag.py","lineno":593}
{"timestamp":"2026-03-12T20:46:53.776093Z","level":"info","event":"Filling up the DagBag from /opt/airflow/dags/airflow_pipeline.py","logger":"airflow.models.dagbag.BundleDagBag","filename":"dagbag.py","lineno":593}
{"timestamp":"2026-03-12T20:47:23.976036Z","level":"info","event":"Filling up the DagBag from /opt/airflow/dags/airflow_pipeline.py","logger":"airflow.models.dagbag.BundleDagBag","filename":"dagbag.py","lineno":593}
{"timestamp":"2026-03-12T20:47:54.173790Z","level":"info","event":"Filling up the DagBag from /opt/airflow/dags/airflow_pipeline.py","logger":"airflow.models.dagbag.BundleDagBag","filename":"dagbag.py","lineno":593}
{"timestamp":"2026-03-12T20:48:24.362853Z","level":"info","event":"Filling up the DagBag from /opt/airflow/dags/airflow_pipeline.py","logger":"airflow.models.dagbag.BundleDagBag","filename":"dagbag.py","lineno":593}
{"timestamp":"2026-03-12T20:48:54.558963Z","level":"info","event":"Filling up the DagBag from /opt/airflow/dags/airflow_pipeline.py","logger":"airflow.models.dagbag.BundleDagBag","filename":"dagbag.py","lineno":593}
{"timestamp":"2026-03-12T20:49:24.763573Z","level":"info","event":"Filling up the DagBag from /opt/airflow/dags/airflow_pipeline.py","logger":"airflow.models.dagbag.BundleDagBag","filename":"dagbag.py","lineno":593}
{"timestamp":"2026-03-12T20:49:54.984946Z","level":"info","event":"Filling up the DagBag from /opt/airflow/dags/airflow_pipeline.py","logger":"airflow.models.dagbag.BundleDagBag","filename":"dagbag.py","lineno":593}
{"timestamp":"2026-03-12T20:50:25.210427Z","level":"info","event":"Filling up the DagBag from /opt/airflow/dags/airflow_pipeline.py","logger":"airflow.models.dagbag.BundleDagBag","filename":"dagbag.py","lineno":593}
{"timestamp":"2026-03-12T20:50:55.410379Z","level":"info","event":"Filling up the DagBag from /opt/airflow/dags/airflow_pipeline.py","logger":"airflow.models.dagbag.BundleDagBag","filename":"dagbag.py","lineno":593}
{"timestamp":"2026-03-12T20:51:25.589705Z","level":"info","event":"Filling up the DagBag from /opt/airflow/dags/airflow_pipeline.py","logger":"airflow.models.dagbag.BundleDagBag","filename":"dagbag.py","lineno":593}
{"timestamp":"2026-03-12T20:51:55.786157Z","level":"info","event":"Filling up the DagBag from /opt/airflow/dags/airflow_pipeline.py","logger":"airflow.models.dagbag.BundleDagBag","filename":"dagbag.py","lineno":593}
{"timestamp":"2026-03-12T20:52:25.972849Z","level":"info","event":"Filling up the DagBag from /opt/airflow/dags/airflow_pipeline.py","logger":"airflow.models.dagbag.BundleDagBag","filename":"dagbag.py","lineno":593}
{"timestamp":"2026-03-12T20:52:56.181211Z","level":"info","event":"Filling up the DagBag from /opt/airflow/dags/airflow_pipeline.py","logger":"airflow.models.dagbag.BundleDagBag","filename":"dagbag.py","lineno":593}
{"timestamp":"2026-03-12T20:53:26.368654Z","level":"info","event":"Filling up the DagBag from /opt/airflow/dags/airflow_pipeline.py","logger":"airflow.models.dagbag.BundleDagBag","filename":"dagbag.py","lineno":593}
{"timestamp":"2026-03-12T20:53:56.559053Z","level":"info","event":"Filling up the DagBag from /opt/airflow/dags/airflow_pipeline.py","logger":"airflow.models.dagbag.BundleDagBag","filename":"dagbag.py","lineno":593}
{"timestamp":"2026-03-12T20:54:26.790748Z","level":"info","event":"Filling up the DagBag from /opt/airflow/dags/airflow_pipeline.py","logger":"airflow.models.dagbag.BundleDagBag","filename":"dagbag.py","lineno":593}
{"timestamp":"2026-03-12T20:54:57.000600Z","level":"info","event":"Filling up the DagBag from /opt/airflow/dags/airflow_pipeline.py","logger":"airflow.models.dagbag.BundleDagBag","filename":"dagbag.py","lineno":593}
{"timestamp":"2026-03-12T20:55:27.238665Z","level":"info","event":"Filling up the DagBag from /opt/airflow/dags/airflow_pipeline.py","logger":"airflow.models.dagbag.BundleDagBag","filename":"dagbag.py","lineno":593}
{"timestamp":"2026-03-12T20:55:57.463285Z","level":"info","event":"Filling up the DagBag from /opt/airflow/dags/airflow_pipeline.py","logger":"airflow.models.dagbag.BundleDagBag","filename":"dagbag.py","lineno":593}
{"timestamp":"2026-03-12T20:56:27.672331Z","level":"info","event":"Filling up the DagBag from /opt/airflow/dags/airflow_pipeline.py","logger":"airflow.models.dagbag.BundleDagBag","filename":"dagbag.py","lineno":593}
{"timestamp":"2026-03-12T20:56:57.880719Z","level":"info","event":"Filling up the DagBag from /opt/airflow/dags/airflow_pipeline.py","logger":"airflow.models.dagbag.BundleDagBag","filename":"dagbag.py","lineno":593}
{"timestamp":"2026-03-12T20:57:28.074925Z","level":"info","event":"Filling up the DagBag from /opt/airflow/dags/airflow_pipeline.py","logger":"airflow.models.dagbag.BundleDagBag","filename":"dagbag.py","lineno":593}
{"timestamp":"2026-03-12T20:57:58.273560Z","level":"info","event":"Filling up the DagBag from /opt/airflow/dags/airflow_pipeline.py","logger":"airflow.models.dagbag.BundleDagBag","filename":"dagbag.py","lineno":593}
{"timestamp":"2026-03-12T20:58:28.464498Z","level":"info","event":"Filling up the DagBag from /opt/airflow/dags/airflow_pipeline.py","logger":"airflow.models.dagbag.BundleDagBag","filename":"dagbag.py","lineno":593}
{"timestamp":"2026-03-12T20:58:58.653335Z","level":"info","event":"Filling up the DagBag from /opt/airflow/dags/airflow_pipeline.py","logger":"airflow.models.dagbag.BundleDagBag","filename":"dagbag.py","lineno":593}
{"timestamp":"2026-03-12T20:59:28.846156Z","level":"info","event":"Filling up the DagBag from /opt/airflow/dags/airflow_pipeline.py","logger":"airflow.models.dagbag.BundleDagBag","filename":"dagbag.py","lineno":593}
{"timestamp":"2026-03-12T20:59:59.058969Z","level":"info","event":"Filling up the DagBag from /opt/airflow/dags/airflow_pipeline.py","logger":"airflow.models.dagbag.BundleDagBag","filename":"dagbag.py","lineno":593}
{"timestamp":"2026-03-12T21:00:29.261193Z","level":"info","event":"Filling up the DagBag from /opt/airflow/dags/airflow_pipeline.py","logger":"airflow.models.dagbag.BundleDagBag","filename":"dagbag.py","lineno":593}
{"timestamp":"2026-03-12T21:00:59.467726Z","level":"info","event":"Filling up the DagBag from /opt/airflow/dags/airflow_pipeline.py","logger":"airflow.models.dagbag.BundleDagBag","filename":"dagbag.py","lineno":593}
{"timestamp":"2026-03-12T21:01:29.671092Z","level":"info","event":"Filling up the DagBag from /opt/airflow/dags/airflow_pipeline.py","logger":"airflow.models.dagbag.BundleDagBag","filename":"dagbag.py","lineno":593}
{"timestamp":"2026-03-12T21:01:59.876364Z","level":"info","event":"Filling up the DagBag from /opt/airflow/dags/airflow_pipeline.py","logger":"airflow.models.dagbag.BundleDagBag","filename":"dagbag.py","lineno":593}
{"timestamp":"2026-03-12T21:02:30.068362Z","level":"info","event":"Filling up the DagBag from /opt/airflow/dags/airflow_pipeline.py","logger":"airflow.models.dagbag.BundleDagBag","filename":"dagbag.py","lineno":593}
{"timestamp":"2026-03-12T21:03:00.261886Z","level":"info","event":"Filling up the DagBag from /opt/airflow/dags/airflow_pipeline.py","logger":"airflow.models.dagbag.BundleDagBag","filename":"dagbag.py","lineno":593}
{"timestamp":"2026-03-12T21:03:30.491687Z","level":"info","event":"Filling up the DagBag from /opt/airflow/dags/airflow_pipeline.py","logger":"airflow.models.dagbag.BundleDagBag","filename":"dagbag.py","lineno":593}
{"timestamp":"2026-03-12T21:04:00.701205Z","level":"info","event":"Filling up the DagBag from /opt/airflow/dags/airflow_pipeline.py","logger":"airflow.models.dagbag.BundleDagBag","filename":"dagbag.py","lineno":593}
{"timestamp":"2026-03-12T21:04:30.900763Z","level":"info","event":"Filling up the DagBag from /opt/airflow/dags/airflow_pipeline.py","logger":"airflow.models.dagbag.BundleDagBag","filename":"dagbag.py","lineno":593}
{"timestamp":"2026-03-12T21:05:01.114678Z","level":"info","event":"Filling up the DagBag from /opt/airflow/dags/airflow_pipeline.py","logger":"airflow.models.dagbag.BundleDagBag","filename":"dagbag.py","lineno":593}
{"timestamp":"2026-03-12T21:05:31.300797Z","level":"info","event":"Filling up the DagBag from /opt/airflow/dags/airflow_pipeline.py","logger":"airflow.models.dagbag.BundleDagBag","filename":"dagbag.py","lineno":593}
{"timestamp":"2026-03-12T21:06:01.493274Z","level":"info","event":"Filling up the DagBag from /opt/airflow/dags/airflow_pipeline.py","logger":"airflow.models.dagbag.BundleDagBag","filename":"dagbag.py","lineno":593}
{"timestamp":"2026-03-12T21:06:31.693217Z","level":"info","event":"Filling up the DagBag from /opt/airflow/dags/airflow_pipeline.py","logger":"airflow.models.dagbag.BundleDagBag","filename":"dagbag.py","lineno":593}
{"timestamp":"2026-03-12T21:07:01.923126Z","level":"info","event":"Filling up the DagBag from /opt/airflow/dags/airflow_pipeline.py","logger":"airflow.models.dagbag.BundleDagBag","filename":"dagbag.py","lineno":593}
{"timestamp":"2026-03-12T21:07:32.110659Z","level":"info","event":"Filling up the DagBag from /opt/airflow/dags/airflow_pipeline.py","logger":"airflow.models.dagbag.BundleDagBag","filename":"dagbag.py","lineno":593}
{"timestamp":"2026-03-12T21:08:02.315944Z","level":"info","event":"Filling up the DagBag from /opt/airflow/dags/airflow_pipeline.py","logger":"airflow.models.dagbag.BundleDagBag","filename":"dagbag.py","lineno":593}
{"timestamp":"2026-03-12T21:08:32.506159Z","level":"info","event":"Filling up the DagBag from /opt/airflow/dags/airflow_pipeline.py","logger":"airflow.models.dagbag.BundleDagBag","filename":"dagbag.py","lineno":593}
{"timestamp":"2026-03-12T21:09:02.687776Z","level":"info","event":"Filling up the DagBag from /opt/airflow/dags/airflow_pipeline.py","logger":"airflow.models.dagbag.BundleDagBag","filename":"dagbag.py","lineno":593}
{"timestamp":"2026-03-12T21:09:32.891143Z","level":"info","event":"Filling up the DagBag from /opt/airflow/dags/airflow_pipeline.py","logger":"airflow.models.dagbag.BundleDagBag","filename":"dagbag.py","lineno":593}
{"timestamp":"2026-03-12T21:10:03.100013Z","level":"info","event":"Filling up the DagBag from /opt/airflow/dags/airflow_pipeline.py","logger":"airflow.models.dagbag.BundleDagBag","filename":"dagbag.py","lineno":593}
{"timestamp":"2026-03-12T21:10:33.310750Z","level":"info","event":"Filling up the DagBag from /opt/airflow/dags/airflow_pipeline.py","logger":"airflow.models.dagbag.BundleDagBag","filename":"dagbag.py","lineno":593}
{"timestamp":"2026-03-12T21:11:03.533139Z","level":"info","event":"Filling up the DagBag from /opt/airflow/dags/airflow_pipeline.py","logger":"airflow.models.dagbag.BundleDagBag","filename":"dagbag.py","lineno":593}
{"timestamp":"2026-03-12T21:11:33.727551Z","level":"info","event":"Filling up the DagBag from /opt/airflow/dags/airflow_pipeline.py","logger":"airflow.models.dagbag.BundleDagBag","filename":"dagbag.py","lineno":593}
{"timestamp":"2026-03-12T21:12:03.946958Z","level":"info","event":"Filling up the DagBag from /opt/airflow/dags/airflow_pipeline.py","logger":"airflow.models.dagbag.BundleDagBag","filename":"dagbag.py","lineno":593}
{"timestamp":"2026-03-12T21:12:34.141489Z","level":"info","event":"Filling up the DagBag from /opt/airflow/dags/airflow_pipeline.py","logger":"airflow.models.dagbag.BundleDagBag","filename":"dagbag.py","lineno":593}
{"timestamp":"2026-03-12T21:13:04.345842Z","level":"info","event":"Filling up the DagBag from /opt/airflow/dags/airflow_pipeline.py","logger":"airflow.models.dagbag.BundleDagBag","filename":"dagbag.py","lineno":593}
{"timestamp":"2026-03-12T21:13:34.546090Z","level":"info","event":"Filling up the DagBag from /opt/airflow/dags/airflow_pipeline.py","logger":"airflow.models.dagbag.BundleDagBag","filename":"dagbag.py","lineno":593}
{"timestamp":"2026-03-12T21:14:04.756997Z","level":"info","event":"Filling up the DagBag from /opt/airflow/dags/airflow_pipeline.py","logger":"airflow.models.dagbag.BundleDagBag","filename":"dagbag.py","lineno":593}
{"timestamp":"2026-03-12T21:14:34.966906Z","level":"info","event":"Filling up the DagBag from /opt/airflow/dags/airflow_pipeline.py","logger":"airflow.models.dagbag.BundleDagBag","filename":"dagbag.py","lineno":593}
{"timestamp":"2026-03-12T21:15:05.146077Z","level":"info","event":"Filling up the DagBag from /opt/airflow/dags/airflow_pipeline.py","logger":"airflow.models.dagbag.BundleDagBag","filename":"dagbag.py","lineno":593}
{"timestamp":"2026-03-12T21:15:35.342529Z","level":"info","event":"Filling up the DagBag from /opt/airflow/dags/airflow_pipeline.py","logger":"airflow.models.dagbag.BundleDagBag","filename":"dagbag.py","lineno":593}
{"timestamp":"2026-03-12T21:16:05.534703Z","level":"info","event":"Filling up the DagBag from /opt/airflow/dags/airflow_pipeline.py","logger":"airflow.models.dagbag.BundleDagBag","filename":"dagbag.py","lineno":593}
{"timestamp":"2026-03-12T21:16:35.727320Z","level":"info","event":"Filling up the DagBag from /opt/airflow/dags/airflow_pipeline.py","logger":"airflow.models.dagbag.BundleDagBag","filename":"dagbag.py","lineno":593}
{"timestamp":"2026-03-12T21:17:05.958444Z","level":"info","event":"Filling up the DagBag from /opt/airflow/dags/airflow_pipeline.py","logger":"airflow.models.dagbag.BundleDagBag","filename":"dagbag.py","lineno":593}
{"timestamp":"2026-03-12T21:25:59.080812Z","level":"info","event":"Filling up the DagBag from /opt/airflow/dags/airflow_pipeline.py","logger":"airflow.models.dagbag.BundleDagBag","filename":"dagbag.py","lineno":593}
{"timestamp":"2026-03-12T21:26:29.311583Z","level":"info","event":"Filling up the DagBag from /opt/airflow/dags/airflow_pipeline.py","logger":"airflow.models.dagbag.BundleDagBag","filename":"dagbag.py","lineno":593}
{"timestamp":"2026-03-12T21:26:59.547434Z","level":"info","event":"Filling up the DagBag from /opt/airflow/dags/airflow_pipeline.py","logger":"airflow.models.dagbag.BundleDagBag","filename":"dagbag.py","lineno":593}
{"timestamp":"2026-03-12T21:27:29.729378Z","level":"info","event":"Filling up the DagBag from /opt/airflow/dags/airflow_pipeline.py","logger":"airflow.models.dagbag.BundleDagBag","filename":"dagbag.py","lineno":593}
{"timestamp":"2026-03-12T21:27:59.920158Z","level":"info","event":"Filling up the DagBag from /opt/airflow/dags/airflow_pipeline.py","logger":"airflow.models.dagbag.BundleDagBag","filename":"dagbag.py","lineno":593}
{"timestamp":"2026-03-12T21:28:30.131679Z","level":"info","event":"Filling up the DagBag from /opt/airflow/dags/airflow_pipeline.py","logger":"airflow.models.dagbag.BundleDagBag","filename":"dagbag.py","lineno":593}
{"timestamp":"2026-03-12T21:29:00.319466Z","level":"info","event":"Filling up the DagBag from /opt/airflow/dags/airflow_pipeline.py","logger":"airflow.models.dagbag.BundleDagBag","filename":"dagbag.py","lineno":593}
{"timestamp":"2026-03-12T21:29:30.519876Z","level":"info","event":"Filling up the DagBag from /opt/airflow/dags/airflow_pipeline.py","logger":"airflow.models.dagbag.BundleDagBag","filename":"dagbag.py","lineno":593}
{"timestamp":"2026-03-12T21:30:00.729170Z","level":"info","event":"Filling up the DagBag from /opt/airflow/dags/airflow_pipeline.py","logger":"airflow.models.dagbag.BundleDagBag","filename":"dagbag.py","lineno":593}
{"timestamp":"2026-03-12T21:30:30.942343Z","level":"info","event":"Filling up the DagBag from /opt/airflow/dags/airflow_pipeline.py","logger":"airflow.models.dagbag.BundleDagBag","filename":"dagbag.py","lineno":593}
{"timestamp":"2026-03-12T21:31:01.152713Z","level":"info","event":"Filling up the DagBag from /opt/airflow/dags/airflow_pipeline.py","logger":"airflow.models.dagbag.BundleDagBag","filename":"dagbag.py","lineno":593}
{"timestamp":"2026-03-12T21:31:31.347821Z","level":"info","event":"Filling up the DagBag from /opt/airflow/dags/airflow_pipeline.py","logger":"airflow.models.dagbag.BundleDagBag","filename":"dagbag.py","lineno":593}
{"timestamp":"2026-03-12T21:32:01.536429Z","level":"info","event":"Filling up the DagBag from /opt/airflow/dags/airflow_pipeline.py","logger":"airflow.models.dagbag.BundleDagBag","filename":"dagbag.py","lineno":593}
{"timestamp":"2026-03-12T21:32:31.737073Z","level":"info","event":"Filling up the DagBag from /opt/airflow/dags/airflow_pipeline.py","logger":"airflow.models.dagbag.BundleDagBag","filename":"dagbag.py","lineno":593}
{"timestamp":"2026-03-12T21:33:01.950602Z","level":"info","event":"Filling up the DagBag from /opt/airflow/dags/airflow_pipeline.py","logger":"airflow.models.dagbag.BundleDagBag","filename":"dagbag.py","lineno":593}
{"timestamp":"2026-03-12T21:33:32.154444Z","level":"info","event":"Filling up the DagBag from /opt/airflow/dags/airflow_pipeline.py","logger":"airflow.models.dagbag.BundleDagBag","filename":"dagbag.py","lineno":593}
{"timestamp":"2026-03-12T21:34:02.349530Z","level":"info","event":"Filling up the DagBag from /opt/airflow/dags/airflow_pipeline.py","logger":"airflow.models.dagbag.BundleDagBag","filename":"dagbag.py","lineno":593}
{"timestamp":"2026-03-12T21:34:32.531128Z","level":"info","event":"Filling up the DagBag from /opt/airflow/dags/airflow_pipeline.py","logger":"airflow.models.dagbag.BundleDagBag","filename":"dagbag.py","lineno":593}
{"timestamp":"2026-03-12T21:35:02.716702Z","level":"info","event":"Filling up the DagBag from /opt/airflow/dags/airflow_pipeline.py","logger":"airflow.models.dagbag.BundleDagBag","filename":"dagbag.py","lineno":593}
{"timestamp":"2026-03-12T21:35:32.914923Z","level":"info","event":"Filling up the DagBag from /opt/airflow/dags/airflow_pipeline.py","logger":"airflow.models.dagbag.BundleDagBag","filename":"dagbag.py","lineno":593}
{"timestamp":"2026-03-12T21:36:03.141568Z","level":"info","event":"Filling up the DagBag from /opt/airflow/dags/airflow_pipeline.py","logger":"airflow.models.dagbag.BundleDagBag","filename":"dagbag.py","lineno":593}
{"timestamp":"2026-03-12T21:36:33.339364Z","level":"info","event":"Filling up the DagBag from /opt/airflow/dags/airflow_pipeline.py","logger":"airflow.models.dagbag.BundleDagBag","filename":"dagbag.py","lineno":593}
{"timestamp":"2026-03-12T21:37:03.524370Z","level":"info","event":"Filling up the DagBag from /opt/airflow/dags/airflow_pipeline.py","logger":"airflow.models.dagbag.BundleDagBag","filename":"dagbag.py","lineno":593}
{"timestamp":"2026-03-12T21:37:33.714882Z","level":"info","event":"Filling up the DagBag from /opt/airflow/dags/airflow_pipeline.py","logger":"airflow.models.dagbag.BundleDagBag","filename":"dagbag.py","lineno":593}
{"timestamp":"2026-03-12T21:38:03.902667Z","level":"info","event":"Filling up the DagBag from /opt/airflow/dags/airflow_pipeline.py","logger":"airflow.models.dagbag.BundleDagBag","filename":"dagbag.py","lineno":593}
{"timestamp":"2026-03-12T21:38:34.100820Z","level":"info","event":"Filling up the DagBag from /opt/airflow/dags/airflow_pipeline.py","logger":"airflow.models.dagbag.BundleDagBag","filename":"dagbag.py","lineno":593}
{"timestamp":"2026-03-12T21:39:04.284195Z","level":"info","event":"Filling up the DagBag from /opt/airflow/dags/airflow_pipeline.py","logger":"airflow.models.dagbag.BundleDagBag","filename":"dagbag.py","lineno":593}
{"timestamp":"2026-03-12T21:39:34.458061Z","level":"info","event":"Filling up the DagBag from /opt/airflow/dags/airflow_pipeline.py","logger":"airflow.models.dagbag.BundleDagBag","filename":"dagbag.py","lineno":593}
{"timestamp":"2026-03-12T21:40:04.650274Z","level":"info","event":"Filling up the DagBag from /opt/airflow/dags/airflow_pipeline.py","logger":"airflow.models.dagbag.BundleDagBag","filename":"dagbag.py","lineno":593}
{"timestamp":"2026-03-12T21:40:34.844850Z","level":"info","event":"Filling up the DagBag from /opt/airflow/dags/airflow_pipeline.py","logger":"airflow.models.dagbag.BundleDagBag","filename":"dagbag.py","lineno":593}
{"timestamp":"2026-03-12T21:41:05.053712Z","level":"info","event":"Filling up the DagBag from /opt/airflow/dags/airflow_pipeline.py","logger":"airflow.models.dagbag.BundleDagBag","filename":"dagbag.py","lineno":593}
{"timestamp":"2026-03-12T21:41:35.237832Z","level":"info","event":"Filling up the DagBag from /opt/airflow/dags/airflow_pipeline.py","logger":"airflow.models.dagbag.BundleDagBag","filename":"dagbag.py","lineno":593}
{"timestamp":"2026-03-12T21:42:05.437462Z","level":"info","event":"Filling up the DagBag from /opt/airflow/dags/airflow_pipeline.py","logger":"airflow.models.dagbag.BundleDagBag","filename":"dagbag.py","lineno":593}
{"timestamp":"2026-03-12T21:42:35.643493Z","level":"info","event":"Filling up the DagBag from /opt/airflow/dags/airflow_pipeline.py","logger":"airflow.models.dagbag.BundleDagBag","filename":"dagbag.py","lineno":593}
{"timestamp":"2026-03-12T21:43:05.838275Z","level":"info","event":"Filling up the DagBag from /opt/airflow/dags/airflow_pipeline.py","logger":"airflow.models.dagbag.BundleDagBag","filename":"dagbag.py","lineno":593}
{"timestamp":"2026-03-12T21:43:36.052887Z","level":"info","event":"Filling up the DagBag from /opt/airflow/dags/airflow_pipeline.py","logger":"airflow.models.dagbag.BundleDagBag","filename":"dagbag.py","lineno":593}
{"timestamp":"2026-03-12T21:44:06.262494Z","level":"info","event":"Filling up the DagBag from /opt/airflow/dags/airflow_pipeline.py","logger":"airflow.models.dagbag.BundleDagBag","filename":"dagbag.py","lineno":593}
{"timestamp":"2026-03-12T21:44:36.469124Z","level":"info","event":"Filling up the DagBag from /opt/airflow/dags/airflow_pipeline.py","logger":"airflow.models.dagbag.BundleDagBag","filename":"dagbag.py","lineno":593}
{"timestamp":"2026-03-12T21:45:06.663558Z","level":"info","event":"Filling up the DagBag from /opt/airflow/dags/airflow_pipeline.py","logger":"airflow.models.dagbag.BundleDagBag","filename":"dagbag.py","lineno":593}
{"timestamp":"2026-03-12T21:45:36.854791Z","level":"info","event":"Filling up the DagBag from /opt/airflow/dags/airflow_pipeline.py","logger":"airflow.models.dagbag.BundleDagBag","filename":"dagbag.py","lineno":593}
{"timestamp":"2026-03-12T21:46:07.075719Z","level":"info","event":"Filling up the DagBag from /opt/airflow/dags/airflow_pipeline.py","logger":"airflow.models.dagbag.BundleDagBag","filename":"dagbag.py","lineno":593}
{"timestamp":"2026-03-12T21:46:37.267304Z","level":"info","event":"Filling up the DagBag from /opt/airflow/dags/airflow_pipeline.py","logger":"airflow.models.dagbag.BundleDagBag","filename":"dagbag.py","lineno":593}
{"timestamp":"2026-03-12T21:47:07.495074Z","level":"info","event":"Filling up the DagBag from /opt/airflow/dags/airflow_pipeline.py","logger":"airflow.models.dagbag.BundleDagBag","filename":"dagbag.py","lineno":593}
{"timestamp":"2026-03-12T21:47:37.696226Z","level":"info","event":"Filling up the DagBag from /opt/airflow/dags/airflow_pipeline.py","logger":"airflow.models.dagbag.BundleDagBag","filename":"dagbag.py","lineno":593}
{"timestamp":"2026-03-12T21:48:07.918539Z","level":"info","event":"Filling up the DagBag from /opt/airflow/dags/airflow_pipeline.py","logger":"airflow.models.dagbag.BundleDagBag","filename":"dagbag.py","lineno":593}
{"timestamp":"2026-03-12T21:51:09.565652Z","level":"info","event":"Filling up the DagBag from /opt/airflow/dags/airflow_pipeline.py","logger":"airflow.models.dagbag.BundleDagBag","filename":"dagbag.py","lineno":593}
{"timestamp":"2026-03-12T21:51:40.053435Z","level":"info","event":"Filling up the DagBag from /opt/airflow/dags/airflow_pipeline.py","logger":"airflow.models.dagbag.BundleDagBag","filename":"dagbag.py","lineno":593}
{"timestamp":"2026-03-12T21:52:10.291746Z","level":"info","event":"Filling up the DagBag from /opt/airflow/dags/airflow_pipeline.py","logger":"airflow.models.dagbag.BundleDagBag","filename":"dagbag.py","lineno":593}
{"timestamp":"2026-03-12T21:52:40.510931Z","level":"info","event":"Filling up the DagBag from /opt/airflow/dags/airflow_pipeline.py","logger":"airflow.models.dagbag.BundleDagBag","filename":"dagbag.py","lineno":593}
{"timestamp":"2026-03-12T21:53:10.734057Z","level":"info","event":"Filling up the DagBag from /opt/airflow/dags/airflow_pipeline.py","logger":"airflow.models.dagbag.BundleDagBag","filename":"dagbag.py","lineno":593}
{"timestamp":"2026-03-12T21:53:40.953863Z","level":"info","event":"Filling up the DagBag from /opt/airflow/dags/airflow_pipeline.py","logger":"airflow.models.dagbag.BundleDagBag","filename":"dagbag.py","lineno":593}
{"timestamp":"2026-03-12T21:54:11.177279Z","level":"info","event":"Filling up the DagBag from /opt/airflow/dags/airflow_pipeline.py","logger":"airflow.models.dagbag.BundleDagBag","filename":"dagbag.py","lineno":593}
{"timestamp":"2026-03-12T21:54:41.387021Z","level":"info","event":"Filling up the DagBag from /opt/airflow/dags/airflow_pipeline.py","logger":"airflow.models.dagbag.BundleDagBag","filename":"dagbag.py","lineno":593}
{"timestamp":"2026-03-12T21:55:11.587870Z","level":"info","event":"Filling up the DagBag from /opt/airflow/dags/airflow_pipeline.py","logger":"airflow.models.dagbag.BundleDagBag","filename":"dagbag.py","lineno":593}
{"timestamp":"2026-03-12T21:55:41.820753Z","level":"info","event":"Filling up the DagBag from /opt/airflow/dags/airflow_pipeline.py","logger":"airflow.models.dagbag.BundleDagBag","filename":"dagbag.py","lineno":593}
{"timestamp":"2026-03-12T21:56:12.059700Z","level":"info","event":"Filling up the DagBag from /opt/airflow/dags/airflow_pipeline.py","logger":"airflow.models.dagbag.BundleDagBag","filename":"dagbag.py","lineno":593}
{"timestamp":"2026-03-12T21:56:42.274128Z","level":"info","event":"Filling up the DagBag from /opt/airflow/dags/airflow_pipeline.py","logger":"airflow.models.dagbag.BundleDagBag","filename":"dagbag.py","lineno":593}
{"timestamp":"2026-03-12T21:57:12.481049Z","level":"info","event":"Filling up the DagBag from /opt/airflow/dags/airflow_pipeline.py","logger":"airflow.models.dagbag.BundleDagBag","filename":"dagbag.py","lineno":593}
{"timestamp":"2026-03-12T21:57:42.698086Z","level":"info","event":"Filling up the DagBag from /opt/airflow/dags/airflow_pipeline.py","logger":"airflow.models.dagbag.BundleDagBag","filename":"dagbag.py","lineno":593}
{"timestamp":"2026-03-12T21:58:12.905796Z","level":"info","event":"Filling up the DagBag from /opt/airflow/dags/airflow_pipeline.py","logger":"airflow.models.dagbag.BundleDagBag","filename":"dagbag.py","lineno":593}
{"timestamp":"2026-03-12T21:58:43.115622Z","level":"info","event":"Filling up the DagBag from /opt/airflow/dags/airflow_pipeline.py","logger":"airflow.models.dagbag.BundleDagBag","filename":"dagbag.py","lineno":593}
{"timestamp":"2026-03-12T21:59:13.361208Z","level":"info","event":"Filling up the DagBag from /opt/airflow/dags/airflow_pipeline.py","logger":"airflow.models.dagbag.BundleDagBag","filename":"dagbag.py","lineno":593}
{"timestamp":"2026-03-12T21:59:43.564026Z","level":"info","event":"Filling up the DagBag from /opt/airflow/dags/airflow_pipeline.py","logger":"airflow.models.dagbag.BundleDagBag","filename":"dagbag.py","lineno":593}
{"timestamp":"2026-03-12T22:00:13.797712Z","level":"info","event":"Filling up the DagBag from /opt/airflow/dags/airflow_pipeline.py","logger":"airflow.models.dagbag.BundleDagBag","filename":"dagbag.py","lineno":593}
{"timestamp":"2026-03-12T22:00:24.885330Z","level":"info","event":"Filling up the DagBag from /opt/airflow/dags/airflow_pipeline.py","logger":"airflow.models.dagbag.BundleDagBag","filename":"dagbag.py","lineno":593}
{"timestamp":"2026-03-12T22:00:26.922978Z","level":"info","event":"Filling up the DagBag from /opt/airflow/dags/airflow_pipeline.py","logger":"airflow.models.dagbag.BundleDagBag","filename":"dagbag.py","lineno":593}
{"timestamp":"2026-03-12T22:00:29.967460Z","level":"info","event":"Filling up the DagBag from /opt/airflow/dags/airflow_pipeline.py","logger":"airflow.models.dagbag.BundleDagBag","filename":"dagbag.py","lineno":593}
{"timestamp":"2026-03-12T22:00:29.968964Z","level":"error","event":"Failed to import: /opt/airflow/dags/airflow_pipeline.py","logger":"airflow.models.dagbag.BundleDagBag","filename":"dagbag.py","lineno":415,"error_detail":[{"exc_type":"SyntaxError","exc_value":"invalid syntax (airflow_pipeline.py, line 29)","exc_notes":[],"syntax_error":{"offset":5,"filename":"/opt/airflow/dags/airflow_pipeline.py","line":"from\n","lineno":29,"msg":"invalid syntax"},"is_cause":false,"frames":[{"filename":"/home/airflow/.local/lib/python3.12/site-packages/airflow/models/dagbag.py","lineno":405,"name":"parse"},{"filename":"<frozen importlib._bootstrap_external>","lineno":995,"name":"exec_module"},{"filename":"<frozen importlib._bootstrap_external>","lineno":1133,"name":"get_code"},{"filename":"<frozen importlib._bootstrap_external>","lineno":1063,"name":"source_to_code"},{"filename":"<frozen importlib._bootstrap>","lineno":488,"name":"_call_with_frames_removed"}],"is_group":false,"exceptions":[]}]}
{"timestamp":"2026-03-12T22:00:31.005844Z","level":"info","event":"Filling up the DagBag from /opt/airflow/dags/airflow_pipeline.py","logger":"airflow.models.dagbag.BundleDagBag","filename":"dagbag.py","lineno":593}
{"timestamp":"2026-03-12T22:00:31.007363Z","level":"error","event":"Failed to import: /opt/airflow/dags/airflow_pipeline.py","logger":"airflow.models.dagbag.BundleDagBag","filename":"dagbag.py","lineno":415,"error_detail":[{"exc_type":"SyntaxError","exc_value":"invalid syntax (airflow_pipeline.py, line 29)","exc_notes":[],"syntax_error":{"offset":6,"filename":"/opt/airflow/dags/airflow_pipeline.py","line":"from \n","lineno":29,"msg":"invalid syntax"},"is_cause":false,"frames":[{"filename":"/home/airflow/.local/lib/python3.12/site-packages/airflow/models/dagbag.py","lineno":405,"name":"parse"},{"filename":"<frozen importlib._bootstrap_external>","lineno":995,"name":"exec_module"},{"filename":"<frozen importlib._bootstrap_external>","lineno":1133,"name":"get_code"},{"filename":"<frozen importlib._bootstrap_external>","lineno":1063,"name":"source_to_code"},{"filename":"<frozen importlib._bootstrap>","lineno":488,"name":"_call_with_frames_removed"}],"is_group":false,"exceptions":[]}]}
{"timestamp":"2026-03-12T22:00:34.065954Z","level":"info","event":"Filling up the DagBag from /opt/airflow/dags/airflow_pipeline.py","logger":"airflow.models.dagbag.BundleDagBag","filename":"dagbag.py","lineno":593}
{"timestamp":"2026-03-12T22:00:34.067498Z","level":"error","event":"Failed to import: /opt/airflow/dags/airflow_pipeline.py","logger":"airflow.models.dagbag.BundleDagBag","filename":"dagbag.py","lineno":415,"error_detail":[{"exc_type":"SyntaxError","exc_value":"invalid syntax (airflow_pipeline.py, line 29)","exc_notes":[],"syntax_error":{"offset":13,"filename":"/opt/airflow/dags/airflow_pipeline.py","line":"from airflow\n","lineno":29,"msg":"invalid syntax"},"is_cause":false,"frames":[{"filename":"/home/airflow/.local/lib/python3.12/site-packages/airflow/models/dagbag.py","lineno":405,"name":"parse"},{"filename":"<frozen importlib._bootstrap_external>","lineno":995,"name":"exec_module"},{"filename":"<frozen importlib._bootstrap_external>","lineno":1133,"name":"get_code"},{"filename":"<frozen importlib._bootstrap_external>","lineno":1063,"name":"source_to_code"},{"filename":"<frozen importlib._bootstrap>","lineno":488,"name":"_call_with_frames_removed"}],"is_group":false,"exceptions":[]}]}
{"timestamp":"2026-03-12T22:00:39.133454Z","level":"info","event":"Filling up the DagBag from /opt/airflow/dags/airflow_pipeline.py","logger":"airflow.models.dagbag.BundleDagBag","filename":"dagbag.py","lineno":593}
{"timestamp":"2026-03-12T22:00:39.135733Z","level":"error","event":"Failed to import: /opt/airflow/dags/airflow_pipeline.py","logger":"airflow.models.dagbag.BundleDagBag","filename":"dagbag.py","lineno":415,"error_detail":[{"exc_type":"ImportError","exc_value":"cannot import name 'Da' from 'airflow' (/home/airflow/.local/lib/python3.12/site-packages/airflow/__init__.py)","exc_notes":[],"syntax_error":null,"is_cause":false,"frames":[{"filename":"/home/airflow/.local/lib/python3.12/site-packages/airflow/models/dagbag.py","lineno":405,"name":"parse"},{"filename":"<frozen importlib._bootstrap_external>","lineno":999,"name":"exec_module"},{"filename":"<frozen importlib._bootstrap>","lineno":488,"name":"_call_with_frames_removed"},{"filename":"/opt/airflow/dags/airflow_pipeline.py","lineno":29,"name":"<module>"}],"is_group":false,"exceptions":[]}]}
{"timestamp":"2026-03-12T22:00:41.180319Z","level":"info","event":"Filling up the DagBag from /opt/airflow/dags/airflow_pipeline.py","logger":"airflow.models.dagbag.BundleDagBag","filename":"dagbag.py","lineno":593}
{"timestamp":"2026-03-12T22:00:42.223593Z","level":"info","event":"Filling up the DagBag from /opt/airflow/dags/airflow_pipeline.py","logger":"airflow.models.dagbag.BundleDagBag","filename":"dagbag.py","lineno":593}
{"timestamp":"2026-03-12T22:00:45.279495Z","level":"info","event":"Filling up the DagBag from /opt/airflow/dags/airflow_pipeline.py","logger":"airflow.models.dagbag.BundleDagBag","filename":"dagbag.py","lineno":593}
{"timestamp":"2026-03-12T22:00:45.281040Z","level":"error","event":"Failed to import: /opt/airflow/dags/airflow_pipeline.py","logger":"airflow.models.dagbag.BundleDagBag","filename":"dagbag.py","lineno":415,"error_detail":[{"exc_type":"SyntaxError","exc_value":"invalid syntax (airflow_pipeline.py, line 30)","exc_notes":[],"syntax_error":{"offset":7,"filename":"/opt/airflow/dags/airflow_pipeline.py","line":"from a\n","lineno":30,"msg":"invalid syntax"},"is_cause":false,"frames":[{"filename":"/home/airflow/.local/lib/python3.12/site-packages/airflow/models/dagbag.py","lineno":405,"name":"parse"},{"filename":"<frozen importlib._bootstrap_external>","lineno":995,"name":"exec_module"},{"filename":"<frozen importlib._bootstrap_external>","lineno":1133,"name":"get_code"},{"filename":"<frozen importlib._bootstrap_external>","lineno":1063,"name":"source_to_code"},{"filename":"<frozen importlib._bootstrap>","lineno":488,"name":"_call_with_frames_removed"}],"is_group":false,"exceptions":[]}]}
{"timestamp":"2026-03-12T22:00:46.327315Z","level":"info","event":"Filling up the DagBag from /opt/airflow/dags/airflow_pipeline.py","logger":"airflow.models.dagbag.BundleDagBag","filename":"dagbag.py","lineno":593}
{"timestamp":"2026-03-12T22:00:46.330814Z","level":"error","event":"Failed to import: /opt/airflow/dags/airflow_pipeline.py","logger":"airflow.models.dagbag.BundleDagBag","filename":"dagbag.py","lineno":415,"error_detail":[{"exc_type":"SyntaxError","exc_value":"invalid syntax (airflow_pipeline.py, line 30)","exc_notes":[],"syntax_error":{"offset":9,"filename":"/opt/airflow/dags/airflow_pipeline.py","line":"from air\n","lineno":30,"msg":"invalid syntax"},"is_cause":false,"frames":[{"filename":"/home/airflow/.local/lib/python3.12/site-packages/airflow/models/dagbag.py","lineno":405,"name":"parse"},{"filename":"<frozen importlib._bootstrap_external>","lineno":995,"name":"exec_module"},{"filename":"<frozen importlib._bootstrap_external>","lineno":1133,"name":"get_code"},{"filename":"<frozen importlib._bootstrap_external>","lineno":1063,"name":"source_to_code"},{"filename":"<frozen importlib._bootstrap>","lineno":488,"name":"_call_with_frames_removed"}],"is_group":false,"exceptions":[]}]}
{"timestamp":"2026-03-12T22:00:47.366612Z","level":"info","event":"Filling up the DagBag from /opt/airflow/dags/airflow_pipeline.py","logger":"airflow.models.dagbag.BundleDagBag","filename":"dagbag.py","lineno":593}
{"timestamp":"2026-03-12T22:00:47.368049Z","level":"error","event":"Failed to import: /opt/airflow/dags/airflow_pipeline.py","logger":"airflow.models.dagbag.BundleDagBag","filename":"dagbag.py","lineno":415,"error_detail":[{"exc_type":"SyntaxError","exc_value":"invalid syntax (airflow_pipeline.py, line 30)","exc_notes":[],"syntax_error":{"offset":13,"filename":"/opt/airflow/dags/airflow_pipeline.py","line":"from airflow\n","lineno":30,"msg":"invalid syntax"},"is_cause":false,"frames":[{"filename":"/home/airflow/.local/lib/python3.12/site-packages/airflow/models/dagbag.py","lineno":405,"name":"parse"},{"filename":"<frozen importlib._bootstrap_external>","lineno":995,"name":"exec_module"},{"filename":"<frozen importlib._bootstrap_external>","lineno":1133,"name":"get_code"},{"filename":"<frozen importlib._bootstrap_external>","lineno":1063,"name":"source_to_code"},{"filename":"<frozen importlib._bootstrap>","lineno":488,"name":"_call_with_frames_removed"}],"is_group":false,"exceptions":[]}]}
{"timestamp":"2026-03-12T22:00:49.414714Z","level":"info","event":"Filling up the DagBag from /opt/airflow/dags/airflow_pipeline.py","logger":"airflow.models.dagbag.BundleDagBag","filename":"dagbag.py","lineno":593}
{"timestamp":"2026-03-12T22:00:49.416149Z","level":"error","event":"Failed to import: /opt/airflow/dags/airflow_pipeline.py","logger":"airflow.models.dagbag.BundleDagBag","filename":"dagbag.py","lineno":415,"error_detail":[{"exc_type":"SyntaxError","exc_value":"invalid syntax (airflow_pipeline.py, line 30)","exc_notes":[],"syntax_error":{"offset":15,"filename":"/opt/airflow/dags/airflow_pipeline.py","line":"from airflow.p\n","lineno":30,"msg":"invalid syntax"},"is_cause":false,"frames":[{"filename":"/home/airflow/.local/lib/python3.12/site-packages/airflow/models/dagbag.py","lineno":405,"name":"parse"},{"filename":"<frozen importlib._bootstrap_external>","lineno":995,"name":"exec_module"},{"filename":"<frozen importlib._bootstrap_external>","lineno":1133,"name":"get_code"},{"filename":"<frozen importlib._bootstrap_external>","lineno":1063,"name":"source_to_code"},{"filename":"<frozen importlib._bootstrap>","lineno":488,"name":"_call_with_frames_removed"}],"is_group":false,"exceptions":[]}]}
{"timestamp":"2026-03-12T22:00:51.451239Z","level":"info","event":"Filling up the DagBag from /opt/airflow/dags/airflow_pipeline.py","logger":"airflow.models.dagbag.BundleDagBag","filename":"dagbag.py","lineno":593}
{"timestamp":"2026-03-12T22:00:51.452695Z","level":"error","event":"Failed to import: /opt/airflow/dags/airflow_pipeline.py","logger":"airflow.models.dagbag.BundleDagBag","filename":"dagbag.py","lineno":415,"error_detail":[{"exc_type":"SyntaxError","exc_value":"invalid syntax (airflow_pipeline.py, line 30)","exc_notes":[],"syntax_error":{"offset":23,"filename":"/opt/airflow/dags/airflow_pipeline.py","line":"from airflow.providers\n","lineno":30,"msg":"invalid syntax"},"is_cause":false,"frames":[{"filename":"/home/airflow/.local/lib/python3.12/site-packages/airflow/models/dagbag.py","lineno":405,"name":"parse"},{"filename":"<frozen importlib._bootstrap_external>","lineno":995,"name":"exec_module"},{"filename":"<frozen importlib._bootstrap_external>","lineno":1133,"name":"get_code"},{"filename":"<frozen importlib._bootstrap_external>","lineno":1063,"name":"source_to_code"},{"filename":"<frozen importlib._bootstrap>","lineno":488,"name":"_call_with_frames_removed"}],"is_group":false,"exceptions":[]}]}
{"timestamp":"2026-03-12T22:00:53.502367Z","level":"info","event":"Filling up the DagBag from /opt/airflow/dags/airflow_pipeline.py","logger":"airflow.models.dagbag.BundleDagBag","filename":"dagbag.py","lineno":593}
{"timestamp":"2026-03-12T22:00:53.503901Z","level":"error","event":"Failed to import: /opt/airflow/dags/airflow_pipeline.py","logger":"airflow.models.dagbag.BundleDagBag","filename":"dagbag.py","lineno":415,"error_detail":[{"exc_type":"SyntaxError","exc_value":"invalid syntax (airflow_pipeline.py, line 30)","exc_notes":[],"syntax_error":{"offset":24,"filename":"/opt/airflow/dags/airflow_pipeline.py","line":"from airflow.providers.\n","lineno":30,"msg":"invalid syntax"},"is_cause":false,"frames":[{"filename":"/home/airflow/.local/lib/python3.12/site-packages/airflow/models/dagbag.py","lineno":405,"name":"parse"},{"filename":"<frozen importlib._bootstrap_external>","lineno":995,"name":"exec_module"},{"filename":"<frozen importlib._bootstrap_external>","lineno":1133,"name":"get_code"},{"filename":"<frozen importlib._bootstrap_external>","lineno":1063,"name":"source_to_code"},{"filename":"<frozen importlib._bootstrap>","lineno":488,"name":"_call_with_frames_removed"}],"is_group":false,"exceptions":[]}]}
{"timestamp":"2026-03-12T22:00:56.548749Z","level":"info","event":"Filling up the DagBag from /opt/airflow/dags/airflow_pipeline.py","logger":"airflow.models.dagbag.BundleDagBag","filename":"dagbag.py","lineno":593}
{"timestamp":"2026-03-12T22:00:56.550216Z","level":"error","event":"Failed to import: /opt/airflow/dags/airflow_pipeline.py","logger":"airflow.models.dagbag.BundleDagBag","filename":"dagbag.py","lineno":415,"error_detail":[{"exc_type":"SyntaxError","exc_value":"invalid syntax (airflow_pipeline.py, line 30)","exc_notes":[],"syntax_error":{"offset":32,"filename":"/opt/airflow/dags/airflow_pipeline.py","line":"from airflow.providers.standard\n","lineno":30,"msg":"invalid syntax"},"is_cause":false,"frames":[{"filename":"/home/airflow/.local/lib/python3.12/site-packages/airflow/models/dagbag.py","lineno":405,"name":"parse"},{"filename":"<frozen importlib._bootstrap_external>","lineno":995,"name":"exec_module"},{"filename":"<frozen importlib._bootstrap_external>","lineno":1133,"name":"get_code"},{"filename":"<frozen importlib._bootstrap_external>","lineno":1063,"name":"source_to_code"},{"filename":"<frozen importlib._bootstrap>","lineno":488,"name":"_call_with_frames_removed"}],"is_group":false,"exceptions":[]}]}
{"timestamp":"2026-03-12T22:00:58.588829Z","level":"info","event":"Filling up the DagBag from /opt/airflow/dags/airflow_pipeline.py","logger":"airflow.models.dagbag.BundleDagBag","filename":"dagbag.py","lineno":593}
{"timestamp":"2026-03-12T22:00:58.590291Z","level":"error","event":"Failed to import: /opt/airflow/dags/airflow_pipeline.py","logger":"airflow.models.dagbag.BundleDagBag","filename":"dagbag.py","lineno":415,"error_detail":[{"exc_type":"SyntaxError","exc_value":"invalid syntax (airflow_pipeline.py, line 30)","exc_notes":[],"syntax_error":{"offset":33,"filename":"/opt/airflow/dags/airflow_pipeline.py","line":"from airflow.providers.standard.\n","lineno":30,"msg":"invalid syntax"},"is_cause":false,"frames":[{"filename":"/home/airflow/.local/lib/python3.12/site-packages/airflow/models/dagbag.py","lineno":405,"name":"parse"},{"filename":"<frozen importlib._bootstrap_external>","lineno":995,"name":"exec_module"},{"filename":"<frozen importlib._bootstrap_external>","lineno":1133,"name":"get_code"},{"filename":"<frozen importlib._bootstrap_external>","lineno":1063,"name":"source_to_code"},{"filename":"<frozen importlib._bootstrap>","lineno":488,"name":"_call_with_frames_removed"}],"is_group":false,"exceptions":[]}]}
{"timestamp":"2026-03-12T22:01:01.634541Z","level":"info","event":"Filling up the DagBag from /opt/airflow/dags/airflow_pipeline.py","logger":"airflow.models.dagbag.BundleDagBag","filename":"dagbag.py","lineno":593}
{"timestamp":"2026-03-12T22:01:01.636098Z","level":"error","event":"Failed to import: /opt/airflow/dags/airflow_pipeline.py","logger":"airflow.models.dagbag.BundleDagBag","filename":"dagbag.py","lineno":415,"error_detail":[{"exc_type":"SyntaxError","exc_value":"invalid syntax (airflow_pipeline.py, line 30)","exc_notes":[],"syntax_error":{"offset":43,"filename":"/opt/airflow/dags/airflow_pipeline.py","line":"from airflow.providers.standard.operators.\n","lineno":30,"msg":"invalid syntax"},"is_cause":false,"frames":[{"filename":"/home/airflow/.local/lib/python3.12/site-packages/airflow/models/dagbag.py","lineno":405,"name":"parse"},{"filename":"<frozen importlib._bootstrap_external>","lineno":995,"name":"exec_module"},{"filename":"<frozen importlib._bootstrap_external>","lineno":1133,"name":"get_code"},{"filename":"<frozen importlib._bootstrap_external>","lineno":1063,"name":"source_to_code"},{"filename":"<frozen importlib._bootstrap>","lineno":488,"name":"_call_with_frames_removed"}],"is_group":false,"exceptions":[]}]}
{"timestamp":"2026-03-12T22:01:15.753661Z","level":"info","event":"Filling up the DagBag from /opt/airflow/dags/airflow_pipeline.py","logger":"airflow.models.dagbag.BundleDagBag","filename":"dagbag.py","lineno":593}
{"timestamp":"2026-03-12T22:01:15.755134Z","level":"error","event":"Failed to import: /opt/airflow/dags/airflow_pipeline.py","logger":"airflow.models.dagbag.BundleDagBag","filename":"dagbag.py","lineno":415,"error_detail":[{"exc_type":"SyntaxError","exc_value":"invalid syntax (airflow_pipeline.py, line 30)","exc_notes":[],"syntax_error":{"offset":44,"filename":"/opt/airflow/dags/airflow_pipeline.py","line":"from airflow.providers.standard.operators.p\n","lineno":30,"msg":"invalid syntax"},"is_cause":false,"frames":[{"filename":"/home/airflow/.local/lib/python3.12/site-packages/airflow/models/dagbag.py","lineno":405,"name":"parse"},{"filename":"<frozen importlib._bootstrap_external>","lineno":995,"name":"exec_module"},{"filename":"<frozen importlib._bootstrap_external>","lineno":1133,"name":"get_code"},{"filename":"<frozen importlib._bootstrap_external>","lineno":1063,"name":"source_to_code"},{"filename":"<frozen importlib._bootstrap>","lineno":488,"name":"_call_with_frames_removed"}],"is_group":false,"exceptions":[]}]}
{"timestamp":"2026-03-12T22:01:18.801625Z","level":"info","event":"Filling up the DagBag from /opt/airflow/dags/airflow_pipeline.py","logger":"airflow.models.dagbag.BundleDagBag","filename":"dagbag.py","lineno":593}
{"timestamp":"2026-03-12T22:01:18.803101Z","level":"error","event":"Failed to import: /opt/airflow/dags/airflow_pipeline.py","logger":"airflow.models.dagbag.BundleDagBag","filename":"dagbag.py","lineno":415,"error_detail":[{"exc_type":"SyntaxError","exc_value":"invalid syntax (airflow_pipeline.py, line 30)","exc_notes":[],"syntax_error":{"offset":46,"filename":"/opt/airflow/dags/airflow_pipeline.py","line":"from airflow.providers.standard.operators.pos\n","lineno":30,"msg":"invalid syntax"},"is_cause":false,"frames":[{"filename":"/home/airflow/.local/lib/python3.12/site-packages/airflow/models/dagbag.py","lineno":405,"name":"parse"},{"filename":"<frozen importlib._bootstrap_external>","lineno":995,"name":"exec_module"},{"filename":"<frozen importlib._bootstrap_external>","lineno":1133,"name":"get_code"},{"filename":"<frozen importlib._bootstrap_external>","lineno":1063,"name":"source_to_code"},{"filename":"<frozen importlib._bootstrap>","lineno":488,"name":"_call_with_frames_removed"}],"is_group":false,"exceptions":[]}]}
{"timestamp":"2026-03-12T22:01:19.864075Z","level":"info","event":"Filling up the DagBag from /opt/airflow/dags/airflow_pipeline.py","logger":"airflow.models.dagbag.BundleDagBag","filename":"dagbag.py","lineno":593}
{"timestamp":"2026-03-12T22:01:19.866430Z","level":"error","event":"Failed to import: /opt/airflow/dags/airflow_pipeline.py","logger":"airflow.models.dagbag.BundleDagBag","filename":"dagbag.py","lineno":415,"error_detail":[{"exc_type":"SyntaxError","exc_value":"invalid syntax (airflow_pipeline.py, line 30)","exc_notes":[],"syntax_error":{"offset":47,"filename":"/opt/airflow/dags/airflow_pipeline.py","line":"from airflow.providers.standard.operators.post\n","lineno":30,"msg":"invalid syntax"},"is_cause":false,"frames":[{"filename":"/home/airflow/.local/lib/python3.12/site-packages/airflow/models/dagbag.py","lineno":405,"name":"parse"},{"filename":"<frozen importlib._bootstrap_external>","lineno":995,"name":"exec_module"},{"filename":"<frozen importlib._bootstrap_external>","lineno":1133,"name":"get_code"},{"filename":"<frozen importlib._bootstrap_external>","lineno":1063,"name":"source_to_code"},{"filename":"<frozen importlib._bootstrap>","lineno":488,"name":"_call_with_frames_removed"}],"is_group":false,"exceptions":[]}]}
{"timestamp":"2026-03-12T22:01:23.922382Z","level":"info","event":"Filling up the DagBag from /opt/airflow/dags/airflow_pipeline.py","logger":"airflow.models.dagbag.BundleDagBag","filename":"dagbag.py","lineno":593}
{"timestamp":"2026-03-12T22:01:23.924821Z","level":"error","event":"Failed to import: /opt/airflow/dags/airflow_pipeline.py","logger":"airflow.models.dagbag.BundleDagBag","filename":"dagbag.py","lineno":415,"error_detail":[{"exc_type":"SyntaxError","exc_value":"invalid syntax (airflow_pipeline.py, line 30)","exc_notes":[],"syntax_error":{"offset":50,"filename":"/opt/airflow/dags/airflow_pipeline.py","line":"from airflow.providers.standard.operators.postgre\n","lineno":30,"msg":"invalid syntax"},"is_cause":false,"frames":[{"filename":"/home/airflow/.local/lib/python3.12/site-packages/airflow/models/dagbag.py","lineno":405,"name":"parse"},{"filename":"<frozen importlib._bootstrap_external>","lineno":995,"name":"exec_module"},{"filename":"<frozen importlib._bootstrap_external>","lineno":1133,"name":"get_code"},{"filename":"<frozen importlib._bootstrap_external>","lineno":1063,"name":"source_to_code"},{"filename":"<frozen importlib._bootstrap>","lineno":488,"name":"_call_with_frames_removed"}],"is_group":false,"exceptions":[]}]}
{"timestamp":"2026-03-12T22:01:25.425418Z","level":"info","event":"Filling up the DagBag from /opt/airflow/dags/airflow_pipeline.py","logger":"airflow.models.dagbag.BundleDagBag","filename":"dagbag.py","lineno":593}
{"timestamp":"2026-03-12T22:01:25.427047Z","level":"error","event":"Failed to import: /opt/airflow/dags/airflow_pipeline.py","logger":"airflow.models.dagbag.BundleDagBag","filename":"dagbag.py","lineno":415,"error_detail":[{"exc_type":"SyntaxError","exc_value":"invalid syntax (airflow_pipeline.py, line 30)","exc_notes":[],"syntax_error":{"offset":51,"filename":"/opt/airflow/dags/airflow_pipeline.py","line":"from airflow.providers.standard.operators.postgres\n","lineno":30,"msg":"invalid syntax"},"is_cause":false,"frames":[{"filename":"/home/airflow/.local/lib/python3.12/site-packages/airflow/models/dagbag.py","lineno":405,"name":"parse"},{"filename":"<frozen importlib._bootstrap_external>","lineno":995,"name":"exec_module"},{"filename":"<frozen importlib._bootstrap_external>","lineno":1133,"name":"get_code"},{"filename":"<frozen importlib._bootstrap_external>","lineno":1063,"name":"source_to_code"},{"filename":"<frozen importlib._bootstrap>","lineno":488,"name":"_call_with_frames_removed"}],"is_group":false,"exceptions":[]}]}
{"timestamp":"2026-03-12T22:01:28.470681Z","level":"info","event":"Filling up the DagBag from /opt/airflow/dags/airflow_pipeline.py","logger":"airflow.models.dagbag.BundleDagBag","filename":"dagbag.py","lineno":593}
{"timestamp":"2026-03-12T22:01:28.472258Z","level":"error","event":"Failed to import: /opt/airflow/dags/airflow_pipeline.py","logger":"airflow.models.dagbag.BundleDagBag","filename":"dagbag.py","lineno":415,"error_detail":[{"exc_type":"SyntaxError","exc_value":"invalid syntax (airflow_pipeline.py, line 30)","exc_notes":[],"syntax_error":{"offset":59,"filename":"/opt/airflow/dags/airflow_pipeline.py","line":"from airflow.providers.standard.operators.postgres import \n","lineno":30,"msg":"invalid syntax"},"is_cause":false,"frames":[{"filename":"/home/airflow/.local/lib/python3.12/site-packages/airflow/models/dagbag.py","lineno":405,"name":"parse"},{"filename":"<frozen importlib._bootstrap_external>","lineno":995,"name":"exec_module"},{"filename":"<frozen importlib._bootstrap_external>","lineno":1133,"name":"get_code"},{"filename":"<frozen importlib._bootstrap_external>","lineno":1063,"name":"source_to_code"},{"filename":"<frozen importlib._bootstrap>","lineno":488,"name":"_call_with_frames_removed"}],"is_group":false,"exceptions":[]}]}
{"timestamp":"2026-03-12T22:01:31.500508Z","level":"warning","event":"Error when trying to pre-import module 'airflow.providers.standard.operators.postgres' found in /opt/airflow/dags/airflow_pipeline.py: No module named 'airflow.providers.standard.operators.postgres'","logger":"processor"}
{"timestamp":"2026-03-12T22:01:31.523394Z","level":"info","event":"Filling up the DagBag from /opt/airflow/dags/airflow_pipeline.py","logger":"airflow.models.dagbag.BundleDagBag","filename":"dagbag.py","lineno":593}
{"timestamp":"2026-03-12T22:01:31.525549Z","level":"error","event":"Failed to import: /opt/airflow/dags/airflow_pipeline.py","logger":"airflow.models.dagbag.BundleDagBag","filename":"dagbag.py","lineno":415,"error_detail":[{"exc_type":"ModuleNotFoundError","exc_value":"No module named 'airflow.providers.standard.operators.postgres'","exc_notes":[],"syntax_error":null,"is_cause":false,"frames":[{"filename":"/home/airflow/.local/lib/python3.12/site-packages/airflow/models/dagbag.py","lineno":405,"name":"parse"},{"filename":"<frozen importlib._bootstrap_external>","lineno":999,"name":"exec_module"},{"filename":"<frozen importlib._bootstrap>","lineno":488,"name":"_call_with_frames_removed"},{"filename":"/opt/airflow/dags/airflow_pipeline.py","lineno":30,"name":"<module>"}],"is_group":false,"exceptions":[]}]}
{"timestamp":"2026-03-12T22:01:33.548285Z","level":"warning","event":"Error when trying to pre-import module 'airflow.providers.standard.operators.postgres' found in /opt/airflow/dags/airflow_pipeline.py: No module named 'airflow.providers.standard.operators.postgres'","logger":"processor"}
{"timestamp":"2026-03-12T22:01:33.565048Z","level":"info","event":"Filling up the DagBag from /opt/airflow/dags/airflow_pipeline.py","logger":"airflow.models.dagbag.BundleDagBag","filename":"dagbag.py","lineno":593}
{"timestamp":"2026-03-12T22:01:33.566856Z","level":"error","event":"Failed to import: /opt/airflow/dags/airflow_pipeline.py","logger":"airflow.models.dagbag.BundleDagBag","filename":"dagbag.py","lineno":415,"error_detail":[{"exc_type":"ModuleNotFoundError","exc_value":"No module named 'airflow.providers.standard.operators.postgres'","exc_notes":[],"syntax_error":null,"is_cause":false,"frames":[{"filename":"/home/airflow/.local/lib/python3.12/site-packages/airflow/models/dagbag.py","lineno":405,"name":"parse"},{"filename":"<frozen importlib._bootstrap_external>","lineno":999,"name":"exec_module"},{"filename":"<frozen importlib._bootstrap>","lineno":488,"name":"_call_with_frames_removed"},{"filename":"/opt/airflow/dags/airflow_pipeline.py","lineno":30,"name":"<module>"}],"is_group":false,"exceptions":[]}]}
{"timestamp":"2026-03-12T22:01:34.582945Z","level":"warning","event":"Error when trying to pre-import module 'airflow.providers.standard.operators.postgres' found in /opt/airflow/dags/airflow_pipeline.py: No module named 'airflow.providers.standard.operators.postgres'","logger":"processor"}
{"timestamp":"2026-03-12T22:01:34.600654Z","level":"info","event":"Filling up the DagBag from /opt/airflow/dags/airflow_pipeline.py","logger":"airflow.models.dagbag.BundleDagBag","filename":"dagbag.py","lineno":593}
{"timestamp":"2026-03-12T22:01:34.602760Z","level":"error","event":"Failed to import: /opt/airflow/dags/airflow_pipeline.py","logger":"airflow.models.dagbag.BundleDagBag","filename":"dagbag.py","lineno":415,"error_detail":[{"exc_type":"ModuleNotFoundError","exc_value":"No module named 'airflow.providers.standard.operators.postgres'","exc_notes":[],"syntax_error":null,"is_cause":false,"frames":[{"filename":"/home/airflow/.local/lib/python3.12/site-packages/airflow/models/dagbag.py","lineno":405,"name":"parse"},{"filename":"<frozen importlib._bootstrap_external>","lineno":999,"name":"exec_module"},{"filename":"<frozen importlib._bootstrap>","lineno":488,"name":"_call_with_frames_removed"},{"filename":"/opt/airflow/dags/airflow_pipeline.py","lineno":30,"name":"<module>"}],"is_group":false,"exceptions":[]}]}
{"timestamp":"2026-03-12T22:01:38.636930Z","level":"warning","event":"Error when trying to pre-import module 'airflow.providers.standard.operators.postgres' found in /opt/airflow/dags/airflow_pipeline.py: No module named 'airflow.providers.standard.operators.postgres'","logger":"processor"}
{"timestamp":"2026-03-12T22:01:38.653930Z","level":"info","event":"Filling up the DagBag from /opt/airflow/dags/airflow_pipeline.py","logger":"airflow.models.dagbag.BundleDagBag","filename":"dagbag.py","lineno":593}
{"timestamp":"2026-03-12T22:01:38.655756Z","level":"error","event":"Failed to import: /opt/airflow/dags/airflow_pipeline.py","logger":"airflow.models.dagbag.BundleDagBag","filename":"dagbag.py","lineno":415,"error_detail":[{"exc_type":"ModuleNotFoundError","exc_value":"No module named 'airflow.providers.standard.operators.postgres'","exc_notes":[],"syntax_error":null,"is_cause":false,"frames":[{"filename":"/home/airflow/.local/lib/python3.12/site-packages/airflow/models/dagbag.py","lineno":405,"name":"parse"},{"filename":"<frozen importlib._bootstrap_external>","lineno":999,"name":"exec_module"},{"filename":"<frozen importlib._bootstrap>","lineno":488,"name":"_call_with_frames_removed"},{"filename":"/opt/airflow/dags/airflow_pipeline.py","lineno":30,"name":"<module>"}],"is_group":false,"exceptions":[]}]}
{"timestamp":"2026-03-12T22:02:08.823674Z","level":"warning","event":"Error when trying to pre-import module 'airflow.providers.standard.operators.postgres' found in /opt/airflow/dags/airflow_pipeline.py: No module named 'airflow.providers.standard.operators.postgres'","logger":"processor"}
{"timestamp":"2026-03-12T22:02:08.840797Z","level":"info","event":"Filling up the DagBag from /opt/airflow/dags/airflow_pipeline.py","logger":"airflow.models.dagbag.BundleDagBag","filename":"dagbag.py","lineno":593}
{"timestamp":"2026-03-12T22:02:08.842254Z","level":"error","event":"Failed to import: /opt/airflow/dags/airflow_pipeline.py","logger":"airflow.models.dagbag.BundleDagBag","filename":"dagbag.py","lineno":415,"error_detail":[{"exc_type":"ModuleNotFoundError","exc_value":"No module named 'airflow.providers.standard.operators.postgres'","exc_notes":[],"syntax_error":null,"is_cause":false,"frames":[{"filename":"/home/airflow/.local/lib/python3.12/site-packages/airflow/models/dagbag.py","lineno":405,"name":"parse"},{"filename":"<frozen importlib._bootstrap_external>","lineno":999,"name":"exec_module"},{"filename":"<frozen importlib._bootstrap>","lineno":488,"name":"_call_with_frames_removed"},{"filename":"/opt/airflow/dags/airflow_pipeline.py","lineno":30,"name":"<module>"}],"is_group":false,"exceptions":[]}]}
{"timestamp":"2026-03-12T22:02:38.998907Z","level":"warning","event":"Error when trying to pre-import module 'airflow.providers.standard.operators.postgres' found in /opt/airflow/dags/airflow_pipeline.py: No module named 'airflow.providers.standard.operators.postgres'","logger":"processor"}
{"timestamp":"2026-03-12T22:02:39.016542Z","level":"info","event":"Filling up the DagBag from /opt/airflow/dags/airflow_pipeline.py","logger":"airflow.models.dagbag.BundleDagBag","filename":"dagbag.py","lineno":593}
{"timestamp":"2026-03-12T22:02:39.018325Z","level":"error","event":"Failed to import: /opt/airflow/dags/airflow_pipeline.py","logger":"airflow.models.dagbag.BundleDagBag","filename":"dagbag.py","lineno":415,"error_detail":[{"exc_type":"ModuleNotFoundError","exc_value":"No module named 'airflow.providers.standard.operators.postgres'","exc_notes":[],"syntax_error":null,"is_cause":false,"frames":[{"filename":"/home/airflow/.local/lib/python3.12/site-packages/airflow/models/dagbag.py","lineno":405,"name":"parse"},{"filename":"<frozen importlib._bootstrap_external>","lineno":999,"name":"exec_module"},{"filename":"<frozen importlib._bootstrap>","lineno":488,"name":"_call_with_frames_removed"},{"filename":"/opt/airflow/dags/airflow_pipeline.py","lineno":30,"name":"<module>"}],"is_group":false,"exceptions":[]}]}
{"timestamp":"2026-03-12T22:03:09.176959Z","level":"warning","event":"Error when trying to pre-import module 'airflow.providers.standard.operators.postgres' found in /opt/airflow/dags/airflow_pipeline.py: No module named 'airflow.providers.standard.operators.postgres'","logger":"processor"}
{"timestamp":"2026-03-12T22:03:09.193868Z","level":"info","event":"Filling up the DagBag from /opt/airflow/dags/airflow_pipeline.py","logger":"airflow.models.dagbag.BundleDagBag","filename":"dagbag.py","lineno":593}
{"timestamp":"2026-03-12T22:03:09.195392Z","level":"error","event":"Failed to import: /opt/airflow/dags/airflow_pipeline.py","logger":"airflow.models.dagbag.BundleDagBag","filename":"dagbag.py","lineno":415,"error_detail":[{"exc_type":"ModuleNotFoundError","exc_value":"No module named 'airflow.providers.standard.operators.postgres'","exc_notes":[],"syntax_error":null,"is_cause":false,"frames":[{"filename":"/home/airflow/.local/lib/python3.12/site-packages/airflow/models/dagbag.py","lineno":405,"name":"parse"},{"filename":"<frozen importlib._bootstrap_external>","lineno":999,"name":"exec_module"},{"filename":"<frozen importlib._bootstrap>","lineno":488,"name":"_call_with_frames_removed"},{"filename":"/opt/airflow/dags/airflow_pipeline.py","lineno":30,"name":"<module>"}],"is_group":false,"exceptions":[]}]}
{"timestamp":"2026-03-12T22:03:39.345715Z","level":"warning","event":"Error when trying to pre-import module 'airflow.providers.standard.operators.postgres' found in /opt/airflow/dags/airflow_pipeline.py: No module named 'airflow.providers.standard.operators.postgres'","logger":"processor"}
{"timestamp":"2026-03-12T22:03:39.362617Z","level":"info","event":"Filling up the DagBag from /opt/airflow/dags/airflow_pipeline.py","logger":"airflow.models.dagbag.BundleDagBag","filename":"dagbag.py","lineno":593}
{"timestamp":"2026-03-12T22:03:39.364085Z","level":"error","event":"Failed to import: /opt/airflow/dags/airflow_pipeline.py","logger":"airflow.models.dagbag.BundleDagBag","filename":"dagbag.py","lineno":415,"error_detail":[{"exc_type":"ModuleNotFoundError","exc_value":"No module named 'airflow.providers.standard.operators.postgres'","exc_notes":[],"syntax_error":null,"is_cause":false,"frames":[{"filename":"/home/airflow/.local/lib/python3.12/site-packages/airflow/models/dagbag.py","lineno":405,"name":"parse"},{"filename":"<frozen importlib._bootstrap_external>","lineno":999,"name":"exec_module"},{"filename":"<frozen importlib._bootstrap>","lineno":488,"name":"_call_with_frames_removed"},{"filename":"/opt/airflow/dags/airflow_pipeline.py","lineno":30,"name":"<module>"}],"is_group":false,"exceptions":[]}]}
{"timestamp":"2026-03-12T22:03:44.419014Z","level":"info","event":"Filling up the DagBag from /opt/airflow/dags/airflow_pipeline.py","logger":"airflow.models.dagbag.BundleDagBag","filename":"dagbag.py","lineno":593}
{"timestamp":"2026-03-12T22:03:44.420400Z","level":"error","event":"Failed to import: /opt/airflow/dags/airflow_pipeline.py","logger":"airflow.models.dagbag.BundleDagBag","filename":"dagbag.py","lineno":415,"error_detail":[{"exc_type":"SyntaxError","exc_value":"invalid syntax (airflow_pipeline.py, line 30)","exc_notes":[],"syntax_error":{"offset":25,"filename":"/opt/airflow/dags/airflow_pipeline.py","line":"from airflow.providers. import PostgresOperator\n","lineno":30,"msg":"invalid syntax"},"is_cause":false,"frames":[{"filename":"/home/airflow/.local/lib/python3.12/site-packages/airflow/models/dagbag.py","lineno":405,"name":"parse"},{"filename":"<frozen importlib._bootstrap_external>","lineno":995,"name":"exec_module"},{"filename":"<frozen importlib._bootstrap_external>","lineno":1133,"name":"get_code"},{"filename":"<frozen importlib._bootstrap_external>","lineno":1063,"name":"source_to_code"},{"filename":"<frozen importlib._bootstrap>","lineno":488,"name":"_call_with_frames_removed"}],"is_group":false,"exceptions":[]}]}
{"timestamp":"2026-03-12T22:03:48.471059Z","level":"info","event":"Filling up the DagBag from /opt/airflow/dags/airflow_pipeline.py","logger":"airflow.models.dagbag.BundleDagBag","filename":"dagbag.py","lineno":593}
{"timestamp":"2026-03-12T22:03:48.472519Z","level":"error","event":"Failed to import: /opt/airflow/dags/airflow_pipeline.py","logger":"airflow.models.dagbag.BundleDagBag","filename":"dagbag.py","lineno":415,"error_detail":[{"exc_type":"SyntaxError","exc_value":"invalid syntax (airflow_pipeline.py, line 30)","exc_notes":[],"syntax_error":{"offset":32,"filename":"/opt/airflow/dags/airflow_pipeline.py","line":"from airflow.providers.common. import PostgresOperator\n","lineno":30,"msg":"invalid syntax"},"is_cause":false,"frames":[{"filename":"/home/airflow/.local/lib/python3.12/site-packages/airflow/models/dagbag.py","lineno":405,"name":"parse"},{"filename":"<frozen importlib._bootstrap_external>","lineno":995,"name":"exec_module"},{"filename":"<frozen importlib._bootstrap_external>","lineno":1133,"name":"get_code"},{"filename":"<frozen importlib._bootstrap_external>","lineno":1063,"name":"source_to_code"},{"filename":"<frozen importlib._bootstrap>","lineno":488,"name":"_call_with_frames_removed"}],"is_group":false,"exceptions":[]}]}
{"timestamp":"2026-03-12T22:03:51.522755Z","level":"info","event":"Filling up the DagBag from /opt/airflow/dags/airflow_pipeline.py","logger":"airflow.models.dagbag.BundleDagBag","filename":"dagbag.py","lineno":593}
{"timestamp":"2026-03-12T22:03:51.524149Z","level":"error","event":"Failed to import: /opt/airflow/dags/airflow_pipeline.py","logger":"airflow.models.dagbag.BundleDagBag","filename":"dagbag.py","lineno":415,"error_detail":[{"exc_type":"SyntaxError","exc_value":"invalid syntax (airflow_pipeline.py, line 30)","exc_notes":[],"syntax_error":{"offset":36,"filename":"/opt/airflow/dags/airflow_pipeline.py","line":"from airflow.providers.common.sql. import PostgresOperator\n","lineno":30,"msg":"invalid syntax"},"is_cause":false,"frames":[{"filename":"/home/airflow/.local/lib/python3.12/site-packages/airflow/models/dagbag.py","lineno":405,"name":"parse"},{"filename":"<frozen importlib._bootstrap_external>","lineno":995,"name":"exec_module"},{"filename":"<frozen importlib._bootstrap_external>","lineno":1133,"name":"get_code"},{"filename":"<frozen importlib._bootstrap_external>","lineno":1063,"name":"source_to_code"},{"filename":"<frozen importlib._bootstrap>","lineno":488,"name":"_call_with_frames_removed"}],"is_group":false,"exceptions":[]}]}
{"timestamp":"2026-03-12T22:03:57.588888Z","level":"info","event":"Filling up the DagBag from /opt/airflow/dags/airflow_pipeline.py","logger":"airflow.models.dagbag.BundleDagBag","filename":"dagbag.py","lineno":593}
{"timestamp":"2026-03-12T22:03:57.590920Z","level":"error","event":"Failed to import: /opt/airflow/dags/airflow_pipeline.py","logger":"airflow.models.dagbag.BundleDagBag","filename":"dagbag.py","lineno":415,"error_detail":[{"exc_type":"ImportError","exc_value":"cannot import name 'PostgresOperator' from 'airflow.providers.common.sql.operators' (/home/airflow/.local/lib/python3.12/site-packages/airflow/providers/common/sql/operators/__init__.py)","exc_notes":[],"syntax_error":null,"is_cause":false,"frames":[{"filename":"/home/airflow/.local/lib/python3.12/site-packages/airflow/models/dagbag.py","lineno":405,"name":"parse"},{"filename":"<frozen importlib._bootstrap_external>","lineno":999,"name":"exec_module"},{"filename":"<frozen importlib._bootstrap>","lineno":488,"name":"_call_with_frames_removed"},{"filename":"/opt/airflow/dags/airflow_pipeline.py","lineno":30,"name":"<module>"}],"is_group":false,"exceptions":[]}]}
{"timestamp":"2026-03-12T22:03:58.624118Z","level":"info","event":"Filling up the DagBag from /opt/airflow/dags/airflow_pipeline.py","logger":"airflow.models.dagbag.BundleDagBag","filename":"dagbag.py","lineno":593}
{"timestamp":"2026-03-12T22:03:58.625606Z","level":"error","event":"Failed to import: /opt/airflow/dags/airflow_pipeline.py","logger":"airflow.models.dagbag.BundleDagBag","filename":"dagbag.py","lineno":415,"error_detail":[{"exc_type":"SyntaxError","exc_value":"invalid syntax (airflow_pipeline.py, line 30)","exc_notes":[],"syntax_error":{"offset":46,"filename":"/opt/airflow/dags/airflow_pipeline.py","line":"from airflow.providers.common.sql.operators. import PostgresOperator\n","lineno":30,"msg":"invalid syntax"},"is_cause":false,"frames":[{"filename":"/home/airflow/.local/lib/python3.12/site-packages/airflow/models/dagbag.py","lineno":405,"name":"parse"},{"filename":"<frozen importlib._bootstrap_external>","lineno":995,"name":"exec_module"},{"filename":"<frozen importlib._bootstrap_external>","lineno":1133,"name":"get_code"},{"filename":"<frozen importlib._bootstrap_external>","lineno":1063,"name":"source_to_code"},{"filename":"<frozen importlib._bootstrap>","lineno":488,"name":"_call_with_frames_removed"}],"is_group":false,"exceptions":[]}]}
{"timestamp":"2026-03-12T22:04:03.847303Z","level":"info","event":"Filling up the DagBag from /opt/airflow/dags/airflow_pipeline.py","logger":"airflow.models.dagbag.BundleDagBag","filename":"dagbag.py","lineno":593}
{"timestamp":"2026-03-12T22:04:03.849379Z","level":"error","event":"Failed to import: /opt/airflow/dags/airflow_pipeline.py","logger":"airflow.models.dagbag.BundleDagBag","filename":"dagbag.py","lineno":415,"error_detail":[{"exc_type":"ImportError","exc_value":"cannot import name 'PostgresOperator' from 'airflow.providers.common.sql.operators.sql' (/home/airflow/.local/lib/python3.12/site-packages/airflow/providers/common/sql/operators/sql.py)","exc_notes":[],"syntax_error":null,"is_cause":false,"frames":[{"filename":"/home/airflow/.local/lib/python3.12/site-packages/airflow/models/dagbag.py","lineno":405,"name":"parse"},{"filename":"<frozen importlib._bootstrap_external>","lineno":999,"name":"exec_module"},{"filename":"<frozen importlib._bootstrap>","lineno":488,"name":"_call_with_frames_removed"},{"filename":"/opt/airflow/dags/airflow_pipeline.py","lineno":30,"name":"<module>"}],"is_group":false,"exceptions":[]}]}
{"timestamp":"2026-03-12T22:04:04.888225Z","level":"info","event":"Filling up the DagBag from /opt/airflow/dags/airflow_pipeline.py","logger":"airflow.models.dagbag.BundleDagBag","filename":"dagbag.py","lineno":593}
{"timestamp":"2026-03-12T22:04:04.905962Z","level":"error","event":"Failed to import: /opt/airflow/dags/airflow_pipeline.py","logger":"airflow.models.dagbag.BundleDagBag","filename":"dagbag.py","lineno":415,"error_detail":[{"exc_type":"ImportError","exc_value":"cannot import name 'PostgresOperator' from 'airflow.providers.common.sql.operators' (/home/airflow/.local/lib/python3.12/site-packages/airflow/providers/common/sql/operators/__init__.py)","exc_notes":[],"syntax_error":null,"is_cause":false,"frames":[{"filename":"/home/airflow/.local/lib/python3.12/site-packages/airflow/models/dagbag.py","lineno":405,"name":"parse"},{"filename":"<frozen importlib._bootstrap_external>","lineno":999,"name":"exec_module"},{"filename":"<frozen importlib._bootstrap>","lineno":488,"name":"_call_with_frames_removed"},{"filename":"/opt/airflow/dags/airflow_pipeline.py","lineno":30,"name":"<module>"}],"is_group":false,"exceptions":[]}]}
{"timestamp":"2026-03-12T22:04:05.956359Z","level":"info","event":"Filling up the DagBag from /opt/airflow/dags/airflow_pipeline.py","logger":"airflow.models.dagbag.BundleDagBag","filename":"dagbag.py","lineno":593}
{"timestamp":"2026-03-12T22:04:05.957810Z","level":"error","event":"Failed to import: /opt/airflow/dags/airflow_pipeline.py","logger":"airflow.models.dagbag.BundleDagBag","filename":"dagbag.py","lineno":415,"error_detail":[{"exc_type":"SyntaxError","exc_value":"invalid syntax (airflow_pipeline.py, line 30)","exc_notes":[],"syntax_error":{"offset":46,"filename":"/opt/airflow/dags/airflow_pipeline.py","line":"from airflow.providers.common.sql.operators. import PostgresOperator\n","lineno":30,"msg":"invalid syntax"},"is_cause":false,"frames":[{"filename":"/home/airflow/.local/lib/python3.12/site-packages/airflow/models/dagbag.py","lineno":405,"name":"parse"},{"filename":"<frozen importlib._bootstrap_external>","lineno":995,"name":"exec_module"},{"filename":"<frozen importlib._bootstrap_external>","lineno":1133,"name":"get_code"},{"filename":"<frozen importlib._bootstrap_external>","lineno":1063,"name":"source_to_code"},{"filename":"<frozen importlib._bootstrap>","lineno":488,"name":"_call_with_frames_removed"}],"is_group":false,"exceptions":[]}]}
{"timestamp":"2026-03-12T22:04:08.004867Z","level":"info","event":"Filling up the DagBag from /opt/airflow/dags/airflow_pipeline.py","logger":"airflow.models.dagbag.BundleDagBag","filename":"dagbag.py","lineno":593}
{"timestamp":"2026-03-12T22:04:08.006680Z","level":"error","event":"Failed to import: /opt/airflow/dags/airflow_pipeline.py","logger":"airflow.models.dagbag.BundleDagBag","filename":"dagbag.py","lineno":415,"error_detail":[{"exc_type":"ImportError","exc_value":"cannot import name 'PostgresOperator' from 'airflow.providers.common.sql.operators' (/home/airflow/.local/lib/python3.12/site-packages/airflow/providers/common/sql/operators/__init__.py)","exc_notes":[],"syntax_error":null,"is_cause":false,"frames":[{"filename":"/home/airflow/.local/lib/python3.12/site-packages/airflow/models/dagbag.py","lineno":405,"name":"parse"},{"filename":"<frozen importlib._bootstrap_external>","lineno":999,"name":"exec_module"},{"filename":"<frozen importlib._bootstrap>","lineno":488,"name":"_call_with_frames_removed"},{"filename":"/opt/airflow/dags/airflow_pipeline.py","lineno":30,"name":"<module>"}],"is_group":false,"exceptions":[]}]}
{"timestamp":"2026-03-12T22:04:34.162946Z","level":"info","event":"Filling up the DagBag from /opt/airflow/dags/airflow_pipeline.py","logger":"airflow.models.dagbag.BundleDagBag","filename":"dagbag.py","lineno":593}
{"timestamp":"2026-03-12T22:04:34.164362Z","level":"error","event":"Failed to import: /opt/airflow/dags/airflow_pipeline.py","logger":"airflow.models.dagbag.BundleDagBag","filename":"dagbag.py","lineno":415,"error_detail":[{"exc_type":"SyntaxError","exc_value":"invalid syntax (airflow_pipeline.py, line 30)","exc_notes":[],"syntax_error":{"offset":46,"filename":"/opt/airflow/dags/airflow_pipeline.py","line":"from airflow.providers.common.sql.operators. import PostgresOperator\n","lineno":30,"msg":"invalid syntax"},"is_cause":false,"frames":[{"filename":"/home/airflow/.local/lib/python3.12/site-packages/airflow/models/dagbag.py","lineno":405,"name":"parse"},{"filename":"<frozen importlib._bootstrap_external>","lineno":995,"name":"exec_module"},{"filename":"<frozen importlib._bootstrap_external>","lineno":1133,"name":"get_code"},{"filename":"<frozen importlib._bootstrap_external>","lineno":1063,"name":"source_to_code"},{"filename":"<frozen importlib._bootstrap>","lineno":488,"name":"_call_with_frames_removed"}],"is_group":false,"exceptions":[]}]}
{"timestamp":"2026-03-12T22:04:37.216731Z","level":"info","event":"Filling up the DagBag from /opt/airflow/dags/airflow_pipeline.py","logger":"airflow.models.dagbag.BundleDagBag","filename":"dagbag.py","lineno":593}
{"timestamp":"2026-03-12T22:04:37.218406Z","level":"error","event":"Failed to import: /opt/airflow/dags/airflow_pipeline.py","logger":"airflow.models.dagbag.BundleDagBag","filename":"dagbag.py","lineno":415,"error_detail":[{"exc_type":"ImportError","exc_value":"cannot import name 'PostgresOperator' from 'airflow.providers.common.sql.operators.sql' (/home/airflow/.local/lib/python3.12/site-packages/airflow/providers/common/sql/operators/sql.py)","exc_notes":[],"syntax_error":null,"is_cause":false,"frames":[{"filename":"/home/airflow/.local/lib/python3.12/site-packages/airflow/models/dagbag.py","lineno":405,"name":"parse"},{"filename":"<frozen importlib._bootstrap_external>","lineno":999,"name":"exec_module"},{"filename":"<frozen importlib._bootstrap>","lineno":488,"name":"_call_with_frames_removed"},{"filename":"/opt/airflow/dags/airflow_pipeline.py","lineno":30,"name":"<module>"}],"is_group":false,"exceptions":[]}]}
{"timestamp":"2026-03-12T22:04:40.263345Z","level":"info","event":"Filling up the DagBag from /opt/airflow/dags/airflow_pipeline.py","logger":"airflow.models.dagbag.BundleDagBag","filename":"dagbag.py","lineno":593}
{"timestamp":"2026-03-12T22:04:40.265028Z","level":"error","event":"Failed to import: /opt/airflow/dags/airflow_pipeline.py","logger":"airflow.models.dagbag.BundleDagBag","filename":"dagbag.py","lineno":415,"error_detail":[{"exc_type":"ImportError","exc_value":"cannot import name 'S' from 'airflow.providers.common.sql.operators.sql' (/home/airflow/.local/lib/python3.12/site-packages/airflow/providers/common/sql/operators/sql.py)","exc_notes":[],"syntax_error":null,"is_cause":false,"frames":[{"filename":"/home/airflow/.local/lib/python3.12/site-packages/airflow/models/dagbag.py","lineno":405,"name":"parse"},{"filename":"<frozen importlib._bootstrap_external>","lineno":999,"name":"exec_module"},{"filename":"<frozen importlib._bootstrap>","lineno":488,"name":"_call_with_frames_removed"},{"filename":"/opt/airflow/dags/airflow_pipeline.py","lineno":30,"name":"<module>"}],"is_group":false,"exceptions":[]}]}
{"timestamp":"2026-03-12T22:04:49.338600Z","level":"info","event":"Filling up the DagBag from /opt/airflow/dags/airflow_pipeline.py","logger":"airflow.models.dagbag.BundleDagBag","filename":"dagbag.py","lineno":593}
{"timestamp":"2026-03-12T22:04:49.340257Z","level":"error","event":"Failed to import: /opt/airflow/dags/airflow_pipeline.py","logger":"airflow.models.dagbag.BundleDagBag","filename":"dagbag.py","lineno":415,"error_detail":[{"exc_type":"ImportError","exc_value":"cannot import name 'SQL' from 'airflow.providers.common.sql.operators.sql' (/home/airflow/.local/lib/python3.12/site-packages/airflow/providers/common/sql/operators/sql.py)","exc_notes":[],"syntax_error":null,"is_cause":false,"frames":[{"filename":"/home/airflow/.local/lib/python3.12/site-packages/airflow/models/dagbag.py","lineno":405,"name":"parse"},{"filename":"<frozen importlib._bootstrap_external>","lineno":999,"name":"exec_module"},{"filename":"<frozen importlib._bootstrap>","lineno":488,"name":"_call_with_frames_removed"},{"filename":"/opt/airflow/dags/airflow_pipeline.py","lineno":30,"name":"<module>"}],"is_group":false,"exceptions":[]}]}
{"timestamp":"2026-03-12T22:04:53.390618Z","level":"info","event":"Filling up the DagBag from /opt/airflow/dags/airflow_pipeline.py","logger":"airflow.models.dagbag.BundleDagBag","filename":"dagbag.py","lineno":593}
{"timestamp":"2026-03-12T22:04:53.392839Z","level":"error","event":"Failed to import: /opt/airflow/dags/airflow_pipeline.py","logger":"airflow.models.dagbag.BundleDagBag","filename":"dagbag.py","lineno":415,"error_detail":[{"exc_type":"ImportError","exc_value":"cannot import name 'SQLEX' from 'airflow.providers.common.sql.operators.sql' (/home/airflow/.local/lib/python3.12/site-packages/airflow/providers/common/sql/operators/sql.py)","exc_notes":[],"syntax_error":null,"is_cause":false,"frames":[{"filename":"/home/airflow/.local/lib/python3.12/site-packages/airflow/models/dagbag.py","lineno":405,"name":"parse"},{"filename":"<frozen importlib._bootstrap_external>","lineno":999,"name":"exec_module"},{"filename":"<frozen importlib._bootstrap>","lineno":488,"name":"_call_with_frames_removed"},{"filename":"/opt/airflow/dags/airflow_pipeline.py","lineno":30,"name":"<module>"}],"is_group":false,"exceptions":[]}]}
{"timestamp":"2026-03-12T22:04:54.426648Z","level":"info","event":"Filling up the DagBag from /opt/airflow/dags/airflow_pipeline.py","logger":"airflow.models.dagbag.BundleDagBag","filename":"dagbag.py","lineno":593}
{"timestamp":"2026-03-12T22:04:58.476215Z","level":"info","event":"Filling up the DagBag from /opt/airflow/dags/airflow_pipeline.py","logger":"airflow.models.dagbag.BundleDagBag","filename":"dagbag.py","lineno":593}
{"timestamp":"2026-03-12T22:05:28.656145Z","level":"info","event":"Filling up the DagBag from /opt/airflow/dags/airflow_pipeline.py","logger":"airflow.models.dagbag.BundleDagBag","filename":"dagbag.py","lineno":593}
{"timestamp":"2026-03-12T22:05:58.832776Z","level":"info","event":"Filling up the DagBag from /opt/airflow/dags/airflow_pipeline.py","logger":"airflow.models.dagbag.BundleDagBag","filename":"dagbag.py","lineno":593}
{"timestamp":"2026-03-12T22:06:29.006718Z","level":"info","event":"Filling up the DagBag from /opt/airflow/dags/airflow_pipeline.py","logger":"airflow.models.dagbag.BundleDagBag","filename":"dagbag.py","lineno":593}
{"timestamp":"2026-03-12T22:06:59.191764Z","level":"info","event":"Filling up the DagBag from /opt/airflow/dags/airflow_pipeline.py","logger":"airflow.models.dagbag.BundleDagBag","filename":"dagbag.py","lineno":593}
{"timestamp":"2026-03-12T22:07:29.382061Z","level":"info","event":"Filling up the DagBag from /opt/airflow/dags/airflow_pipeline.py","logger":"airflow.models.dagbag.BundleDagBag","filename":"dagbag.py","lineno":593}
{"timestamp":"2026-03-12T22:07:32.434511Z","level":"info","event":"Filling up the DagBag from /opt/airflow/dags/airflow_pipeline.py","logger":"airflow.models.dagbag.BundleDagBag","filename":"dagbag.py","lineno":593}
{"timestamp":"2026-03-12T22:07:32.436314Z","level":"error","event":"Failed to import: /opt/airflow/dags/airflow_pipeline.py","logger":"airflow.models.dagbag.BundleDagBag","filename":"dagbag.py","lineno":415,"error_detail":[{"exc_type":"SyntaxError","exc_value":"invalid character '–' (U+2013) (airflow_pipeline.py, line 57)","exc_notes":[],"syntax_error":{"offset":83,"filename":"/opt/airflow/dags/airflow_pipeline.py","line":"This task gives you a taste of combining Airflow with native Python and SQL hooks – a common pattern in real-world pipelines.","lineno":57,"msg":"invalid character '–' (U+2013)"},"is_cause":false,"frames":[{"filename":"/home/airflow/.local/lib/python3.12/site-packages/airflow/models/dagbag.py","lineno":405,"name":"parse"},{"filename":"<frozen importlib._bootstrap_external>","lineno":995,"name":"exec_module"},{"filename":"<frozen importlib._bootstrap_external>","lineno":1133,"name":"get_code"},{"filename":"<frozen importlib._bootstrap_external>","lineno":1063,"name":"source_to_code"},{"filename":"<frozen importlib._bootstrap>","lineno":488,"name":"_call_with_frames_removed"}],"is_group":false,"exceptions":[]}]}
{"timestamp":"2026-03-12T22:07:37.488814Z","level":"info","event":"Filling up the DagBag from /opt/airflow/dags/airflow_pipeline.py","logger":"airflow.models.dagbag.BundleDagBag","filename":"dagbag.py","lineno":593}
{"timestamp":"2026-03-12T22:07:43.316881Z","level":"info","event":"Filling up the DagBag from /opt/airflow/dags/airflow_pipeline.py","logger":"airflow.models.dagbag.BundleDagBag","filename":"dagbag.py","lineno":593}
{"timestamp":"2026-03-12T22:08:13.544620Z","level":"info","event":"Filling up the DagBag from /opt/airflow/dags/airflow_pipeline.py","logger":"airflow.models.dagbag.BundleDagBag","filename":"dagbag.py","lineno":593}
{"timestamp":"2026-03-12T22:08:43.729068Z","level":"info","event":"Filling up the DagBag from /opt/airflow/dags/airflow_pipeline.py","logger":"airflow.models.dagbag.BundleDagBag","filename":"dagbag.py","lineno":593}
{"timestamp":"2026-03-12T22:08:55.831055Z","level":"info","event":"Filling up the DagBag from /opt/airflow/dags/airflow_pipeline.py","logger":"airflow.models.dagbag.BundleDagBag","filename":"dagbag.py","lineno":593}
{"timestamp":"2026-03-12T22:09:12.956531Z","level":"info","event":"Filling up the DagBag from /opt/airflow/dags/airflow_pipeline.py","logger":"airflow.models.dagbag.BundleDagBag","filename":"dagbag.py","lineno":593}
{"timestamp":"2026-03-12T22:09:21.038786Z","level":"info","event":"Filling up the DagBag from /opt/airflow/dags/airflow_pipeline.py","logger":"airflow.models.dagbag.BundleDagBag","filename":"dagbag.py","lineno":593}
{"timestamp":"2026-03-12T22:09:24.086215Z","level":"info","event":"Filling up the DagBag from /opt/airflow/dags/airflow_pipeline.py","logger":"airflow.models.dagbag.BundleDagBag","filename":"dagbag.py","lineno":593}
{"timestamp":"2026-03-12T22:09:54.299947Z","level":"info","event":"Filling up the DagBag from /opt/airflow/dags/airflow_pipeline.py","logger":"airflow.models.dagbag.BundleDagBag","filename":"dagbag.py","lineno":593}
{"timestamp":"2026-03-12T22:10:24.487860Z","level":"info","event":"Filling up the DagBag from /opt/airflow/dags/airflow_pipeline.py","logger":"airflow.models.dagbag.BundleDagBag","filename":"dagbag.py","lineno":593}
{"timestamp":"2026-03-12T22:10:54.673712Z","level":"info","event":"Filling up the DagBag from /opt/airflow/dags/airflow_pipeline.py","logger":"airflow.models.dagbag.BundleDagBag","filename":"dagbag.py","lineno":593}
{"timestamp":"2026-03-12T22:11:24.880503Z","level":"info","event":"Filling up the DagBag from /opt/airflow/dags/airflow_pipeline.py","logger":"airflow.models.dagbag.BundleDagBag","filename":"dagbag.py","lineno":593}
{"timestamp":"2026-03-12T22:11:55.068181Z","level":"info","event":"Filling up the DagBag from /opt/airflow/dags/airflow_pipeline.py","logger":"airflow.models.dagbag.BundleDagBag","filename":"dagbag.py","lineno":593}
{"timestamp":"2026-03-12T22:12:25.261915Z","level":"info","event":"Filling up the DagBag from /opt/airflow/dags/airflow_pipeline.py","logger":"airflow.models.dagbag.BundleDagBag","filename":"dagbag.py","lineno":593}
{"timestamp":"2026-03-12T22:12:55.447287Z","level":"info","event":"Filling up the DagBag from /opt/airflow/dags/airflow_pipeline.py","logger":"airflow.models.dagbag.BundleDagBag","filename":"dagbag.py","lineno":593}
{"timestamp":"2026-03-12T22:13:25.644285Z","level":"info","event":"Filling up the DagBag from /opt/airflow/dags/airflow_pipeline.py","logger":"airflow.models.dagbag.BundleDagBag","filename":"dagbag.py","lineno":593}
{"timestamp":"2026-03-12T22:13:55.838522Z","level":"info","event":"Filling up the DagBag from /opt/airflow/dags/airflow_pipeline.py","logger":"airflow.models.dagbag.BundleDagBag","filename":"dagbag.py","lineno":593}
{"timestamp":"2026-03-12T22:14:26.052790Z","level":"info","event":"Filling up the DagBag from /opt/airflow/dags/airflow_pipeline.py","logger":"airflow.models.dagbag.BundleDagBag","filename":"dagbag.py","lineno":593}
{"timestamp":"2026-03-12T22:14:56.262058Z","level":"info","event":"Filling up the DagBag from /opt/airflow/dags/airflow_pipeline.py","logger":"airflow.models.dagbag.BundleDagBag","filename":"dagbag.py","lineno":593}
{"timestamp":"2026-03-12T22:15:26.484190Z","level":"info","event":"Filling up the DagBag from /opt/airflow/dags/airflow_pipeline.py","logger":"airflow.models.dagbag.BundleDagBag","filename":"dagbag.py","lineno":593}
{"timestamp":"2026-03-12T22:15:56.689082Z","level":"info","event":"Filling up the DagBag from /opt/airflow/dags/airflow_pipeline.py","logger":"airflow.models.dagbag.BundleDagBag","filename":"dagbag.py","lineno":593}
{"timestamp":"2026-03-12T22:16:26.915050Z","level":"info","event":"Filling up the DagBag from /opt/airflow/dags/airflow_pipeline.py","logger":"airflow.models.dagbag.BundleDagBag","filename":"dagbag.py","lineno":593}
{"timestamp":"2026-03-12T22:16:57.130580Z","level":"info","event":"Filling up the DagBag from /opt/airflow/dags/airflow_pipeline.py","logger":"airflow.models.dagbag.BundleDagBag","filename":"dagbag.py","lineno":593}
{"timestamp":"2026-03-12T22:17:27.346417Z","level":"info","event":"Filling up the DagBag from /opt/airflow/dags/airflow_pipeline.py","logger":"airflow.models.dagbag.BundleDagBag","filename":"dagbag.py","lineno":593}
{"timestamp":"2026-03-12T22:17:57.567167Z","level":"info","event":"Filling up the DagBag from /opt/airflow/dags/airflow_pipeline.py","logger":"airflow.models.dagbag.BundleDagBag","filename":"dagbag.py","lineno":593}
{"timestamp":"2026-03-12T22:18:27.778881Z","level":"info","event":"Filling up the DagBag from /opt/airflow/dags/airflow_pipeline.py","logger":"airflow.models.dagbag.BundleDagBag","filename":"dagbag.py","lineno":593}
{"timestamp":"2026-03-12T22:18:57.966056Z","level":"info","event":"Filling up the DagBag from /opt/airflow/dags/airflow_pipeline.py","logger":"airflow.models.dagbag.BundleDagBag","filename":"dagbag.py","lineno":593}
{"timestamp":"2026-03-12T22:19:28.152250Z","level":"info","event":"Filling up the DagBag from /opt/airflow/dags/airflow_pipeline.py","logger":"airflow.models.dagbag.BundleDagBag","filename":"dagbag.py","lineno":593}
